{"meta": {"format": 3, "version": "7.8.2", "timestamp": "2026-01-02T09:58:53.230900", "branch_coverage": false, "show_contexts": false}, "files": {"cruiseplan/__init__.py": {"executed_lines": [1, 37, 38, 39, 41, 43, 46, 69, 72, 73, 75, 78, 79, 82, 83, 85, 87, 90, 121, 123, 124, 126, 128, 129, 131, 132, 133, 136, 279, 336, 338, 341, 343, 347, 349, 352, 353, 355, 367, 370, 418, 420, 423, 424, 426, 427, 437, 438, 439, 440, 442, 443, 444, 445, 447, 448, 450, 457, 530, 531, 532, 534, 536, 537, 539, 541, 544, 545, 552, 557, 559, 564, 569, 571, 574, 577, 586, 589, 590, 591, 594, 595, 597, 598, 601, 602, 604, 605, 608, 609, 611, 612, 615, 616, 618, 624, 625, 636, 637, 644, 645, 648, 658, 659, 660, 664, 667, 741, 743, 745, 747, 748, 751, 752, 753, 754, 766, 775, 776, 777, 785, 789, 790, 791, 802, 806, 808, 810, 811, 820, 874, 875, 876, 877, 879, 881, 883, 886, 888, 891, 893, 896, 897, 898, 908, 909, 911, 912, 913, 930, 931, 933, 934], "summary": {"covered_lines": 152, "num_statements": 245, "percent_covered": 62.04081632653061, "percent_covered_display": "62", "missing_lines": 93, "excluded_lines": 0}, "missing_lines": [191, 193, 198, 204, 206, 208, 209, 210, 213, 214, 217, 218, 219, 220, 222, 225, 226, 227, 230, 231, 232, 234, 235, 237, 238, 239, 241, 244, 245, 246, 247, 248, 250, 251, 254, 255, 257, 259, 260, 263, 266, 267, 269, 270, 272, 274, 275, 276, 350, 421, 452, 453, 454, 546, 547, 548, 549, 550, 553, 554, 560, 561, 565, 566, 619, 622, 640, 653, 654, 661, 663, 767, 768, 769, 770, 771, 772, 786, 803, 813, 814, 816, 817, 914, 917, 918, 919, 921, 922, 923, 925, 926, 928], "excluded_lines": [], "functions": {"_setup_output_paths": {"executed_lines": [69, 72, 73, 75, 78, 79, 82, 83, 85, 87], "summary": {"covered_lines": 10, "num_statements": 10, "percent_covered": 100.0, "percent_covered_display": "100", "missing_lines": 0, "excluded_lines": 0}, "missing_lines": [], "excluded_lines": []}, "bathymetry": {"executed_lines": [121, 123, 124, 126, 128, 129, 131, 132, 133], "summary": {"covered_lines": 9, "num_statements": 9, "percent_covered": 100.0, "percent_covered_display": "100", "missing_lines": 0, "excluded_lines": 0}, "missing_lines": [], "excluded_lines": []}, "pangaea": {"executed_lines": [], "summary": {"covered_lines": 0, "num_statements": 48, "percent_covered": 0.0, "percent_covered_display": "0", "missing_lines": 48, "excluded_lines": 0}, "missing_lines": [191, 193, 198, 204, 206, 208, 209, 210, 213, 214, 217, 218, 219, 220, 222, 225, 226, 227, 230, 231, 232, 234, 235, 237, 238, 239, 241, 244, 245, 246, 247, 248, 250, 251, 254, 255, 257, 259, 260, 263, 266, 267, 269, 270, 272, 274, 275, 276], "excluded_lines": []}, "enrich": {"executed_lines": [336, 338, 341, 343, 347, 349, 352, 353, 355, 367], "summary": {"covered_lines": 10, "num_statements": 11, "percent_covered": 90.9090909090909, "percent_covered_display": "91", "missing_lines": 1, "excluded_lines": 0}, "missing_lines": [350], "excluded_lines": []}, "validate": {"executed_lines": [418, 420, 423, 424, 426, 427, 437, 438, 439, 440, 442, 443, 444, 445, 447, 448, 450], "summary": {"covered_lines": 17, "num_statements": 21, "percent_covered": 80.95238095238095, "percent_covered_display": "81", "missing_lines": 4, "excluded_lines": 0}, "missing_lines": [421, 452, 453, 454], "excluded_lines": []}, "schedule": {"executed_lines": [530, 531, 532, 534, 536, 537, 539, 541, 544, 545, 552, 557, 559, 564, 569, 571, 574, 577, 586, 589, 590, 591, 594, 595, 597, 598, 601, 602, 604, 605, 608, 609, 611, 612, 615, 616, 618, 624, 625, 636, 637, 644, 645, 648, 658, 659, 660, 664], "summary": {"covered_lines": 48, "num_statements": 66, "percent_covered": 72.72727272727273, "percent_covered_display": "73", "missing_lines": 18, "excluded_lines": 0}, "missing_lines": [546, 547, 548, 549, 550, 553, 554, 560, 561, 565, 566, 619, 622, 640, 653, 654, 661, 663], "excluded_lines": []}, "process": {"executed_lines": [741, 743, 745, 747, 748, 751, 752, 753, 754, 766, 775, 776, 777, 785, 789, 790, 791, 802, 806, 808, 810, 811], "summary": {"covered_lines": 22, "num_statements": 34, "percent_covered": 64.70588235294117, "percent_covered_display": "65", "missing_lines": 12, "excluded_lines": 0}, "missing_lines": [767, 768, 769, 770, 771, 772, 786, 803, 813, 814, 816, 817], "excluded_lines": []}, "map": {"executed_lines": [874, 875, 876, 877, 879, 881, 883, 886, 888, 891, 893, 896, 897, 898, 908, 909, 911, 912, 913, 930, 931, 933, 934], "summary": {"covered_lines": 23, "num_statements": 33, "percent_covered": 69.6969696969697, "percent_covered_display": "70", "missing_lines": 10, "excluded_lines": 0}, "missing_lines": [914, 917, 918, 919, 921, 922, 923, 925, 926, 928], "excluded_lines": []}, "": {"executed_lines": [1, 37, 38, 39, 41, 43, 46, 90, 136, 279, 370, 457, 667, 820], "summary": {"covered_lines": 13, "num_statements": 13, "percent_covered": 100.0, "percent_covered_display": "100", "missing_lines": 0, "excluded_lines": 0}, "missing_lines": [], "excluded_lines": []}}, "classes": {"": {"executed_lines": [1, 37, 38, 39, 41, 43, 46, 69, 72, 73, 75, 78, 79, 82, 83, 85, 87, 90, 121, 123, 124, 126, 128, 129, 131, 132, 133, 136, 279, 336, 338, 341, 343, 347, 349, 352, 353, 355, 367, 370, 418, 420, 423, 424, 426, 427, 437, 438, 439, 440, 442, 443, 444, 445, 447, 448, 450, 457, 530, 531, 532, 534, 536, 537, 539, 541, 544, 545, 552, 557, 559, 564, 569, 571, 574, 577, 586, 589, 590, 591, 594, 595, 597, 598, 601, 602, 604, 605, 608, 609, 611, 612, 615, 616, 618, 624, 625, 636, 637, 644, 645, 648, 658, 659, 660, 664, 667, 741, 743, 745, 747, 748, 751, 752, 753, 754, 766, 775, 776, 777, 785, 789, 790, 791, 802, 806, 808, 810, 811, 820, 874, 875, 876, 877, 879, 881, 883, 886, 888, 891, 893, 896, 897, 898, 908, 909, 911, 912, 913, 930, 931, 933, 934], "summary": {"covered_lines": 152, "num_statements": 245, "percent_covered": 62.04081632653061, "percent_covered_display": "62", "missing_lines": 93, "excluded_lines": 0}, "missing_lines": [191, 193, 198, 204, 206, 208, 209, 210, 213, 214, 217, 218, 219, 220, 222, 225, 226, 227, 230, 231, 232, 234, 235, 237, 238, 239, 241, 244, 245, 246, 247, 248, 250, 251, 254, 255, 257, 259, 260, 263, 266, 267, 269, 270, 272, 274, 275, 276, 350, 421, 452, 453, 454, 546, 547, 548, 549, 550, 553, 554, 560, 561, 565, 566, 619, 622, 640, 653, 654, 661, 663, 767, 768, 769, 770, 771, 772, 786, 803, 813, 814, 816, 817, 914, 917, 918, 919, 921, 922, 923, 925, 926, 928], "excluded_lines": []}}}, "cruiseplan/_version.py": {"executed_lines": [1], "summary": {"covered_lines": 1, "num_statements": 1, "percent_covered": 100.0, "percent_covered_display": "100", "missing_lines": 0, "excluded_lines": 0}, "missing_lines": [], "excluded_lines": [], "functions": {"": {"executed_lines": [1], "summary": {"covered_lines": 1, "num_statements": 1, "percent_covered": 100.0, "percent_covered_display": "100", "missing_lines": 0, "excluded_lines": 0}, "missing_lines": [], "excluded_lines": []}}, "classes": {"": {"executed_lines": [1], "summary": {"covered_lines": 1, "num_statements": 1, "percent_covered": 100.0, "percent_covered_display": "100", "missing_lines": 0, "excluded_lines": 0}, "missing_lines": [], "excluded_lines": []}}}, "cruiseplan/calculators/__init__.py": {"executed_lines": [1], "summary": {"covered_lines": 0, "num_statements": 0, "percent_covered": 100.0, "percent_covered_display": "100", "missing_lines": 0, "excluded_lines": 0}, "missing_lines": [], "excluded_lines": [], "functions": {"": {"executed_lines": [1], "summary": {"covered_lines": 0, "num_statements": 0, "percent_covered": 100.0, "percent_covered_display": "100", "missing_lines": 0, "excluded_lines": 0}, "missing_lines": [], "excluded_lines": []}}, "classes": {"": {"executed_lines": [1], "summary": {"covered_lines": 0, "num_statements": 0, "percent_covered": 100.0, "percent_covered_display": "100", "missing_lines": 0, "excluded_lines": 0}, "missing_lines": [], "excluded_lines": []}}}, "cruiseplan/calculators/distance.py": {"executed_lines": [1, 10, 11, 13, 14, 17, 31, 32, 33, 35, 38, 57, 58, 60, 61, 62, 64, 68, 70, 73, 87, 90, 91, 92, 93, 96, 110, 113], "summary": {"covered_lines": 27, "num_statements": 30, "percent_covered": 90.0, "percent_covered_display": "90", "missing_lines": 3, "excluded_lines": 0}, "missing_lines": [34, 88, 127], "excluded_lines": [], "functions": {"to_coords": {"executed_lines": [31, 32, 33, 35], "summary": {"covered_lines": 4, "num_statements": 5, "percent_covered": 80.0, "percent_covered_display": "80", "missing_lines": 1, "excluded_lines": 0}, "missing_lines": [34], "excluded_lines": []}, "haversine_distance": {"executed_lines": [57, 58, 60, 61, 62, 64, 68, 70], "summary": {"covered_lines": 8, "num_statements": 8, "percent_covered": 100.0, "percent_covered_display": "100", "missing_lines": 0, "excluded_lines": 0}, "missing_lines": [], "excluded_lines": []}, "route_distance": {"executed_lines": [87, 90, 91, 92, 93], "summary": {"covered_lines": 5, "num_statements": 6, "percent_covered": 83.33333333333333, "percent_covered_display": "83", "missing_lines": 1, "excluded_lines": 0}, "missing_lines": [88], "excluded_lines": []}, "km_to_nm": {"executed_lines": [110], "summary": {"covered_lines": 1, "num_statements": 1, "percent_covered": 100.0, "percent_covered_display": "100", "missing_lines": 0, "excluded_lines": 0}, "missing_lines": [], "excluded_lines": []}, "nm_to_km": {"executed_lines": [], "summary": {"covered_lines": 0, "num_statements": 1, "percent_covered": 0.0, "percent_covered_display": "0", "missing_lines": 1, "excluded_lines": 0}, "missing_lines": [127], "excluded_lines": []}, "": {"executed_lines": [1, 10, 11, 13, 14, 17, 38, 73, 96, 113], "summary": {"covered_lines": 9, "num_statements": 9, "percent_covered": 100.0, "percent_covered_display": "100", "missing_lines": 0, "excluded_lines": 0}, "missing_lines": [], "excluded_lines": []}}, "classes": {"": {"executed_lines": [1, 10, 11, 13, 14, 17, 31, 32, 33, 35, 38, 57, 58, 60, 61, 62, 64, 68, 70, 73, 87, 90, 91, 92, 93, 96, 110, 113], "summary": {"covered_lines": 27, "num_statements": 30, "percent_covered": 90.0, "percent_covered_display": "90", "missing_lines": 3, "excluded_lines": 0}, "missing_lines": [34, 88, 127], "excluded_lines": []}}}, "cruiseplan/calculators/duration.py": {"executed_lines": [1, 9, 10, 12, 13, 14, 20, 21, 38, 39, 41, 42, 44, 62, 63, 65, 66, 68, 69, 72, 73, 75, 76, 78, 96, 99, 100, 102, 103, 104, 106, 129, 130, 132, 135, 138, 142, 144, 146, 147, 150, 151, 152, 155, 156, 157, 158, 160, 161, 163, 165, 166, 169], "summary": {"covered_lines": 51, "num_statements": 52, "percent_covered": 98.07692307692308, "percent_covered_display": "98", "missing_lines": 1, "excluded_lines": 0}, "missing_lines": [171], "excluded_lines": [], "functions": {"DurationCalculator.__init__": {"executed_lines": [39, 41, 42], "summary": {"covered_lines": 3, "num_statements": 3, "percent_covered": 100.0, "percent_covered_display": "100", "missing_lines": 0, "excluded_lines": 0}, "missing_lines": [], "excluded_lines": []}, "DurationCalculator.calculate_ctd_time": {"executed_lines": [62, 63, 65, 66, 68, 69, 72, 73, 75, 76], "summary": {"covered_lines": 10, "num_statements": 10, "percent_covered": 100.0, "percent_covered_display": "100", "missing_lines": 0, "excluded_lines": 0}, "missing_lines": [], "excluded_lines": []}, "DurationCalculator.calculate_transit_time": {"executed_lines": [96, 99, 100, 102, 103, 104], "summary": {"covered_lines": 6, "num_statements": 6, "percent_covered": 100.0, "percent_covered_display": "100", "missing_lines": 0, "excluded_lines": 0}, "missing_lines": [], "excluded_lines": []}, "DurationCalculator.calculate_wait_time": {"executed_lines": [129, 130, 132, 135, 138, 142, 144, 146, 147, 150, 151, 152, 155, 156, 157, 158, 160, 161, 163, 165, 166, 169], "summary": {"covered_lines": 22, "num_statements": 23, "percent_covered": 95.65217391304348, "percent_covered_display": "96", "missing_lines": 1, "excluded_lines": 0}, "missing_lines": [171], "excluded_lines": []}, "": {"executed_lines": [1, 9, 10, 12, 13, 14, 20, 21, 38, 44, 78, 106], "summary": {"covered_lines": 10, "num_statements": 10, "percent_covered": 100.0, "percent_covered_display": "100", "missing_lines": 0, "excluded_lines": 0}, "missing_lines": [], "excluded_lines": []}}, "classes": {"DurationCalculator": {"executed_lines": [39, 41, 42, 62, 63, 65, 66, 68, 69, 72, 73, 75, 76, 96, 99, 100, 102, 103, 104, 129, 130, 132, 135, 138, 142, 144, 146, 147, 150, 151, 152, 155, 156, 157, 158, 160, 161, 163, 165, 166, 169], "summary": {"covered_lines": 41, "num_statements": 42, "percent_covered": 97.61904761904762, "percent_covered_display": "98", "missing_lines": 1, "excluded_lines": 0}, "missing_lines": [171], "excluded_lines": []}, "": {"executed_lines": [1, 9, 10, 12, 13, 14, 20, 21, 38, 44, 78, 106], "summary": {"covered_lines": 10, "num_statements": 10, "percent_covered": 100.0, "percent_covered_display": "100", "missing_lines": 0, "excluded_lines": 0}, "missing_lines": [], "excluded_lines": []}}}, "cruiseplan/calculators/routing.py": {"executed_lines": [1, 9, 11, 14, 39, 40, 44, 46, 50, 66], "summary": {"covered_lines": 9, "num_statements": 9, "percent_covered": 100.0, "percent_covered_display": "100", "missing_lines": 0, "excluded_lines": 0}, "missing_lines": [], "excluded_lines": [], "functions": {"optimize_composite_route": {"executed_lines": [39, 40, 44, 46], "summary": {"covered_lines": 4, "num_statements": 4, "percent_covered": 100.0, "percent_covered_display": "100", "missing_lines": 0, "excluded_lines": 0}, "missing_lines": [], "excluded_lines": []}, "calculate_route_distance": {"executed_lines": [66], "summary": {"covered_lines": 1, "num_statements": 1, "percent_covered": 100.0, "percent_covered_display": "100", "missing_lines": 0, "excluded_lines": 0}, "missing_lines": [], "excluded_lines": []}, "": {"executed_lines": [1, 9, 11, 14, 50], "summary": {"covered_lines": 4, "num_statements": 4, "percent_covered": 100.0, "percent_covered_display": "100", "missing_lines": 0, "excluded_lines": 0}, "missing_lines": [], "excluded_lines": []}}, "classes": {"": {"executed_lines": [1, 9, 11, 14, 39, 40, 44, 46, 50, 66], "summary": {"covered_lines": 9, "num_statements": 9, "percent_covered": 100.0, "percent_covered_display": "100", "missing_lines": 0, "excluded_lines": 0}, "missing_lines": [], "excluded_lines": []}}}, "cruiseplan/calculators/scheduler.py": {"executed_lines": [1, 9, 10, 11, 12, 14, 19, 24, 25, 27, 32, 46, 49, 63, 66, 88, 113, 114, 154, 169, 171, 172, 173, 174, 176, 177, 180, 181, 182, 183, 185, 186, 187, 190, 191, 192, 193, 195, 196, 198, 199, 201, 204, 252, 287, 290, 291, 292, 295, 302, 304, 340, 341, 342, 344, 347, 351, 385, 386, 387, 389, 392, 395, 396, 397, 398, 399, 400, 403, 405, 408, 409, 411, 436, 439, 455, 811, 838, 840, 843, 845, 846, 851, 852, 855, 861, 863, 864, 865, 867, 876, 877, 878, 881, 902, 905, 907, 910, 912, 913, 914, 917, 950, 954, 958, 959, 960, 961, 964, 968, 971, 972, 973, 974, 978, 981, 982, 983, 986, 988, 991, 998, 999, 1001, 1020, 1021, 1023, 1024, 1027, 1047, 1048, 1049, 1050, 1053, 1090, 1091, 1092, 1096, 1098, 1100, 1103, 1104, 1112, 1114, 1121, 1122, 1123, 1125, 1127, 1129, 1132, 1139, 1141, 1146, 1147, 1148, 1149, 1150, 1153, 1172, 1175, 1176, 1177, 1180, 1182, 1202, 1203, 1205, 1207, 1210, 1215, 1219, 1221, 1224, 1226, 1227, 1230, 1235, 1236, 1237, 1239, 1245, 1296, 1298, 1301, 1305, 1306, 1308, 1309, 1310, 1313, 1314, 1315, 1316, 1318, 1325, 1326, 1327, 1330, 1331, 1332, 1333, 1334, 1335, 1338, 1339, 1342, 1343, 1349, 1352, 1355, 1360, 1361, 1364, 1365, 1368, 1369, 1372, 1377, 1379, 1380, 1382, 1383, 1384, 1386, 1387, 1389, 1390, 1391, 1392, 1393, 1395, 1396, 1398, 1399, 1400, 1401, 1402, 1443, 1444, 1445, 1448, 1461, 1476, 1506, 1544, 1564, 1567, 1572, 1573, 1574, 1575, 1576, 1577, 1578, 1581, 1584, 1585, 1587, 1592, 1593, 1594, 1595, 1596, 1599, 1600, 1601, 1603, 1608, 1614, 1615, 1616, 1617, 1618, 1619, 1620, 1622, 1627, 1633, 1634, 1635, 1636, 1637, 1638, 1639, 1642, 1648, 1654, 1655, 1656, 1657, 1658, 1661, 1667, 1673, 1674, 1675, 1676, 1677, 1679, 1682, 1762, 1820, 1881], "summary": {"covered_lines": 302, "num_statements": 600, "percent_covered": 50.333333333333336, "percent_covered_display": "50", "missing_lines": 298, "excluded_lines": 0}, "missing_lines": [83, 84, 85, 105, 106, 107, 218, 220, 221, 222, 223, 224, 225, 226, 229, 230, 231, 233, 234, 235, 237, 240, 244, 245, 246, 247, 249, 266, 267, 270, 271, 273, 274, 277, 278, 280, 281, 445, 447, 452, 457, 480, 483, 485, 486, 487, 488, 489, 491, 492, 496, 497, 498, 499, 501, 506, 507, 508, 513, 514, 515, 516, 518, 541, 542, 545, 547, 549, 551, 553, 556, 557, 558, 559, 560, 561, 562, 563, 564, 566, 568, 569, 571, 576, 578, 581, 584, 586, 587, 589, 593, 597, 598, 601, 603, 607, 609, 615, 616, 637, 640, 642, 645, 646, 647, 650, 651, 655, 656, 657, 658, 661, 664, 665, 666, 667, 668, 669, 670, 673, 679, 680, 681, 682, 684, 687, 689, 692, 693, 696, 699, 700, 702, 706, 707, 711, 715, 742, 743, 746, 747, 750, 751, 752, 754, 755, 757, 762, 763, 764, 766, 767, 770, 773, 774, 775, 776, 777, 778, 781, 782, 784, 808, 847, 848, 849, 856, 857, 882, 883, 887, 900, 919, 922, 929, 930, 947, 1124, 1126, 1128, 1130, 1133, 1136, 1302, 1374, 1404, 1405, 1408, 1409, 1410, 1412, 1413, 1416, 1417, 1418, 1420, 1422, 1423, 1425, 1435, 1436, 1437, 1438, 1441, 1463, 1464, 1467, 1469, 1471, 1472, 1473, 1480, 1481, 1483, 1485, 1486, 1488, 1491, 1492, 1493, 1494, 1497, 1498, 1499, 1501, 1502, 1503, 1517, 1518, 1520, 1523, 1524, 1526, 1536, 1537, 1538, 1539, 1540, 1541, 1597, 1598, 1702, 1703, 1705, 1706, 1707, 1716, 1717, 1718, 1721, 1722, 1723, 1725, 1726, 1728, 1729, 1730, 1732, 1733, 1736, 1737, 1740, 1743, 1744, 1745, 1748, 1752, 1757, 1759, 1782, 1783, 1785, 1786, 1792, 1817, 1840, 1841, 1843, 1844, 1846, 1849, 1853, 1878, 1901, 1902, 1904, 1906, 1908, 1909, 1911, 1912, 1914, 1917, 1919, 1920, 1929, 1931, 1933], "excluded_lines": [], "functions": {"_extract_coordinates": {"executed_lines": [46], "summary": {"covered_lines": 1, "num_statements": 1, "percent_covered": 100.0, "percent_covered_display": "100", "missing_lines": 0, "excluded_lines": 0}, "missing_lines": [], "excluded_lines": []}, "_get_activity_position": {"executed_lines": [63], "summary": {"covered_lines": 1, "num_statements": 1, "percent_covered": 100.0, "percent_covered_display": "100", "missing_lines": 0, "excluded_lines": 0}, "missing_lines": [], "excluded_lines": []}, "_get_activity_entry_position": {"executed_lines": [], "summary": {"covered_lines": 0, "num_statements": 3, "percent_covered": 0.0, "percent_covered_display": "0", "missing_lines": 3, "excluded_lines": 0}, "missing_lines": [83, 84, 85], "excluded_lines": []}, "_get_activity_exit_position": {"executed_lines": [], "summary": {"covered_lines": 0, "num_statements": 3, "percent_covered": 0.0, "percent_covered_display": "0", "missing_lines": 3, "excluded_lines": 0}, "missing_lines": [105, 106, 107], "excluded_lines": []}, "get_operation_entry_exit_points": {"executed_lines": [169, 171, 172, 173, 174, 176, 177, 180, 181, 182, 183, 185, 186, 187, 190, 191, 192, 193, 195, 196, 198, 199, 201], "summary": {"covered_lines": 23, "num_statements": 23, "percent_covered": 100.0, "percent_covered_display": "100", "missing_lines": 0, "excluded_lines": 0}, "missing_lines": [], "excluded_lines": []}, "get_cluster_entry_exit_points": {"executed_lines": [], "summary": {"covered_lines": 0, "num_statements": 21, "percent_covered": 0.0, "percent_covered_display": "0", "missing_lines": 21, "excluded_lines": 0}, "missing_lines": [218, 220, 221, 222, 223, 224, 225, 226, 229, 230, 231, 233, 234, 235, 237, 240, 244, 245, 246, 247, 249], "excluded_lines": []}, "calculate_transit_distance_using_abstraction": {"executed_lines": [], "summary": {"covered_lines": 0, "num_statements": 10, "percent_covered": 0.0, "percent_covered_display": "0", "missing_lines": 10, "excluded_lines": 0}, "missing_lines": [266, 267, 270, 271, 273, 274, 277, 278, 280, 281], "excluded_lines": []}, "_resolve_station_details": {"executed_lines": [290, 291, 292, 295, 302, 304, 340, 341, 342, 344, 347, 351, 385, 386, 387, 389, 392, 395, 396, 397, 398, 399, 400, 403, 405, 408, 409, 411, 436], "summary": {"covered_lines": 29, "num_statements": 29, "percent_covered": 100.0, "percent_covered_display": "100", "missing_lines": 0, "excluded_lines": 0}, "missing_lines": [], "excluded_lines": []}, "generate_timeline_legacy": {"executed_lines": [], "summary": {"covered_lines": 0, "num_statements": 3, "percent_covered": 0.0, "percent_covered_display": "0", "missing_lines": 3, "excluded_lines": 0}, "missing_lines": [445, 447, 452], "excluded_lines": []}, "_generate_timeline_legacy_impl": {"executed_lines": [], "summary": {"covered_lines": 0, "num_statements": 123, "percent_covered": 0.0, "percent_covered_display": "0", "missing_lines": 123, "excluded_lines": 0}, "missing_lines": [457, 480, 483, 485, 486, 487, 488, 489, 491, 492, 496, 497, 498, 499, 501, 506, 507, 508, 513, 514, 515, 516, 518, 541, 542, 545, 547, 549, 551, 553, 556, 557, 558, 559, 560, 561, 562, 563, 564, 566, 568, 569, 571, 576, 578, 581, 584, 586, 587, 589, 593, 597, 598, 601, 603, 607, 609, 615, 616, 637, 640, 642, 645, 646, 647, 650, 651, 655, 656, 657, 658, 661, 664, 665, 666, 667, 668, 669, 670, 673, 679, 680, 681, 682, 684, 687, 689, 692, 693, 696, 699, 700, 702, 706, 707, 711, 715, 742, 743, 746, 747, 750, 751, 752, 754, 755, 757, 762, 763, 764, 766, 767, 770, 773, 774, 775, 776, 777, 778, 781, 782, 784, 808], "excluded_lines": []}, "generate_timeline": {"executed_lines": [838, 840, 843, 845, 846, 851, 852, 855, 861, 863, 864, 865, 867, 876, 877, 878, 881, 902, 905, 907, 910, 912, 913, 914, 917, 950, 954, 958, 959, 960, 961, 964, 968, 971, 972, 973, 974, 978, 981, 982, 983, 986, 988, 991, 998, 999, 1001, 1020, 1021, 1023, 1024], "summary": {"covered_lines": 51, "num_statements": 65, "percent_covered": 78.46153846153847, "percent_covered_display": "78", "missing_lines": 14, "excluded_lines": 0}, "missing_lines": [847, 848, 849, 856, 857, 882, 883, 887, 900, 919, 922, 929, 930, 947], "excluded_lines": []}, "_calculate_inter_port_transit": {"executed_lines": [1047, 1048, 1049, 1050], "summary": {"covered_lines": 4, "num_statements": 4, "percent_covered": 100.0, "percent_covered_display": "100", "missing_lines": 0, "excluded_lines": 0}, "missing_lines": [], "excluded_lines": []}, "_process_leg_activities_with_clusters": {"executed_lines": [1090, 1091, 1092, 1096, 1098, 1100, 1103, 1104, 1112, 1114, 1121, 1122, 1123, 1125, 1127, 1129, 1132, 1139, 1141, 1146, 1147, 1148, 1149, 1150, 1153, 1172, 1175, 1176, 1177, 1180, 1182, 1202, 1203, 1205, 1207, 1210, 1215, 1219, 1221], "summary": {"covered_lines": 39, "num_statements": 45, "percent_covered": 86.66666666666667, "percent_covered_display": "87", "missing_lines": 6, "excluded_lines": 0}, "missing_lines": [1124, 1126, 1128, 1130, 1133, 1136], "excluded_lines": []}, "_calculate_inter_operation_transit": {"executed_lines": [1226, 1227, 1230, 1235, 1236, 1237, 1239], "summary": {"covered_lines": 7, "num_statements": 7, "percent_covered": 100.0, "percent_covered_display": "100", "missing_lines": 0, "excluded_lines": 0}, "missing_lines": [], "excluded_lines": []}, "generate_cruise_schedule": {"executed_lines": [1296, 1298, 1301, 1305, 1306, 1308, 1309, 1310, 1313, 1314, 1315, 1316, 1318, 1325, 1326, 1327, 1330, 1331, 1332, 1333, 1334, 1335, 1338, 1339, 1342, 1343, 1349, 1352, 1355, 1360, 1361, 1364, 1365, 1368, 1369, 1372, 1377, 1379, 1380, 1382, 1383, 1384, 1386, 1387, 1389, 1390, 1391, 1392, 1393, 1395, 1396, 1398, 1399, 1400, 1401, 1402, 1443, 1444, 1445, 1448], "summary": {"covered_lines": 60, "num_statements": 81, "percent_covered": 74.07407407407408, "percent_covered_display": "74", "missing_lines": 21, "excluded_lines": 0}, "missing_lines": [1302, 1374, 1404, 1405, 1408, 1409, 1410, 1412, 1413, 1416, 1417, 1418, 1420, 1422, 1423, 1425, 1435, 1436, 1437, 1438, 1441], "excluded_lines": []}, "_generate_latex_schedule": {"executed_lines": [], "summary": {"covered_lines": 0, "num_statements": 7, "percent_covered": 0.0, "percent_covered_display": "0", "missing_lines": 7, "excluded_lines": 0}, "missing_lines": [1463, 1464, 1467, 1469, 1471, 1472, 1473], "excluded_lines": []}, "_generate_netcdf_schedule": {"executed_lines": [], "summary": {"covered_lines": 0, "num_statements": 16, "percent_covered": 0.0, "percent_covered_display": "0", "missing_lines": 16, "excluded_lines": 0}, "missing_lines": [1480, 1481, 1483, 1485, 1486, 1488, 1491, 1492, 1493, 1494, 1497, 1498, 1499, 1501, 1502, 1503], "excluded_lines": []}, "_generate_timeline_png_map": {"executed_lines": [], "summary": {"covered_lines": 0, "num_statements": 12, "percent_covered": 0.0, "percent_covered_display": "0", "missing_lines": 12, "excluded_lines": 0}, "missing_lines": [1517, 1518, 1520, 1523, 1524, 1526, 1536, 1537, 1538, 1539, 1540, 1541], "excluded_lines": []}, "_extract_activities_from_leg": {"executed_lines": [1564, 1567, 1572, 1573, 1574, 1575, 1576, 1577, 1578, 1581, 1584, 1585, 1587, 1592, 1593, 1594, 1595, 1596, 1599, 1600, 1601, 1603, 1608, 1614, 1615, 1616, 1617, 1618, 1619, 1620, 1622, 1627, 1633, 1634, 1635, 1636, 1637, 1638, 1639, 1642, 1648, 1654, 1655, 1656, 1657, 1658, 1661, 1667, 1673, 1674, 1675, 1676, 1677, 1679], "summary": {"covered_lines": 54, "num_statements": 56, "percent_covered": 96.42857142857143, "percent_covered_display": "96", "missing_lines": 2, "excluded_lines": 0}, "missing_lines": [1597, 1598], "excluded_lines": []}, "_resolve_transit_details": {"executed_lines": [], "summary": {"covered_lines": 0, "num_statements": 28, "percent_covered": 0.0, "percent_covered_display": "0", "missing_lines": 28, "excluded_lines": 0}, "missing_lines": [1702, 1703, 1705, 1706, 1707, 1716, 1717, 1718, 1721, 1722, 1723, 1725, 1726, 1728, 1729, 1730, 1732, 1733, 1736, 1737, 1740, 1743, 1744, 1745, 1748, 1752, 1757, 1759], "excluded_lines": []}, "_resolve_mooring_details": {"executed_lines": [], "summary": {"covered_lines": 0, "num_statements": 6, "percent_covered": 0.0, "percent_covered_display": "0", "missing_lines": 6, "excluded_lines": 0}, "missing_lines": [1782, 1783, 1785, 1786, 1792, 1817], "excluded_lines": []}, "_resolve_area_details": {"executed_lines": [], "summary": {"covered_lines": 0, "num_statements": 8, "percent_covered": 0.0, "percent_covered_display": "0", "missing_lines": 8, "excluded_lines": 0}, "missing_lines": [1840, 1841, 1843, 1844, 1846, 1849, 1853, 1878], "excluded_lines": []}, "_resolve_port_details": {"executed_lines": [], "summary": {"covered_lines": 0, "num_statements": 15, "percent_covered": 0.0, "percent_covered_display": "0", "missing_lines": 15, "excluded_lines": 0}, "missing_lines": [1901, 1902, 1904, 1906, 1908, 1909, 1911, 1912, 1914, 1917, 1919, 1920, 1929, 1931, 1933], "excluded_lines": []}, "": {"executed_lines": [1, 9, 10, 11, 12, 14, 19, 24, 25, 27, 32, 49, 66, 88, 113, 114, 154, 204, 252, 287, 439, 455, 811, 1027, 1053, 1224, 1245, 1461, 1476, 1506, 1544, 1682, 1762, 1820, 1881], "summary": {"covered_lines": 33, "num_statements": 33, "percent_covered": 100.0, "percent_covered_display": "100", "missing_lines": 0, "excluded_lines": 0}, "missing_lines": [], "excluded_lines": []}}, "classes": {"ActivityRecord": {"executed_lines": [], "summary": {"covered_lines": 0, "num_statements": 0, "percent_covered": 100.0, "percent_covered_display": "100", "missing_lines": 0, "excluded_lines": 0}, "missing_lines": [], "excluded_lines": []}, "": {"executed_lines": [1, 9, 10, 11, 12, 14, 19, 24, 25, 27, 32, 46, 49, 63, 66, 88, 113, 114, 154, 169, 171, 172, 173, 174, 176, 177, 180, 181, 182, 183, 185, 186, 187, 190, 191, 192, 193, 195, 196, 198, 199, 201, 204, 252, 287, 290, 291, 292, 295, 302, 304, 340, 341, 342, 344, 347, 351, 385, 386, 387, 389, 392, 395, 396, 397, 398, 399, 400, 403, 405, 408, 409, 411, 436, 439, 455, 811, 838, 840, 843, 845, 846, 851, 852, 855, 861, 863, 864, 865, 867, 876, 877, 878, 881, 902, 905, 907, 910, 912, 913, 914, 917, 950, 954, 958, 959, 960, 961, 964, 968, 971, 972, 973, 974, 978, 981, 982, 983, 986, 988, 991, 998, 999, 1001, 1020, 1021, 1023, 1024, 1027, 1047, 1048, 1049, 1050, 1053, 1090, 1091, 1092, 1096, 1098, 1100, 1103, 1104, 1112, 1114, 1121, 1122, 1123, 1125, 1127, 1129, 1132, 1139, 1141, 1146, 1147, 1148, 1149, 1150, 1153, 1172, 1175, 1176, 1177, 1180, 1182, 1202, 1203, 1205, 1207, 1210, 1215, 1219, 1221, 1224, 1226, 1227, 1230, 1235, 1236, 1237, 1239, 1245, 1296, 1298, 1301, 1305, 1306, 1308, 1309, 1310, 1313, 1314, 1315, 1316, 1318, 1325, 1326, 1327, 1330, 1331, 1332, 1333, 1334, 1335, 1338, 1339, 1342, 1343, 1349, 1352, 1355, 1360, 1361, 1364, 1365, 1368, 1369, 1372, 1377, 1379, 1380, 1382, 1383, 1384, 1386, 1387, 1389, 1390, 1391, 1392, 1393, 1395, 1396, 1398, 1399, 1400, 1401, 1402, 1443, 1444, 1445, 1448, 1461, 1476, 1506, 1544, 1564, 1567, 1572, 1573, 1574, 1575, 1576, 1577, 1578, 1581, 1584, 1585, 1587, 1592, 1593, 1594, 1595, 1596, 1599, 1600, 1601, 1603, 1608, 1614, 1615, 1616, 1617, 1618, 1619, 1620, 1622, 1627, 1633, 1634, 1635, 1636, 1637, 1638, 1639, 1642, 1648, 1654, 1655, 1656, 1657, 1658, 1661, 1667, 1673, 1674, 1675, 1676, 1677, 1679, 1682, 1762, 1820, 1881], "summary": {"covered_lines": 302, "num_statements": 600, "percent_covered": 50.333333333333336, "percent_covered_display": "50", "missing_lines": 298, "excluded_lines": 0}, "missing_lines": [83, 84, 85, 105, 106, 107, 218, 220, 221, 222, 223, 224, 225, 226, 229, 230, 231, 233, 234, 235, 237, 240, 244, 245, 246, 247, 249, 266, 267, 270, 271, 273, 274, 277, 278, 280, 281, 445, 447, 452, 457, 480, 483, 485, 486, 487, 488, 489, 491, 492, 496, 497, 498, 499, 501, 506, 507, 508, 513, 514, 515, 516, 518, 541, 542, 545, 547, 549, 551, 553, 556, 557, 558, 559, 560, 561, 562, 563, 564, 566, 568, 569, 571, 576, 578, 581, 584, 586, 587, 589, 593, 597, 598, 601, 603, 607, 609, 615, 616, 637, 640, 642, 645, 646, 647, 650, 651, 655, 656, 657, 658, 661, 664, 665, 666, 667, 668, 669, 670, 673, 679, 680, 681, 682, 684, 687, 689, 692, 693, 696, 699, 700, 702, 706, 707, 711, 715, 742, 743, 746, 747, 750, 751, 752, 754, 755, 757, 762, 763, 764, 766, 767, 770, 773, 774, 775, 776, 777, 778, 781, 782, 784, 808, 847, 848, 849, 856, 857, 882, 883, 887, 900, 919, 922, 929, 930, 947, 1124, 1126, 1128, 1130, 1133, 1136, 1302, 1374, 1404, 1405, 1408, 1409, 1410, 1412, 1413, 1416, 1417, 1418, 1420, 1422, 1423, 1425, 1435, 1436, 1437, 1438, 1441, 1463, 1464, 1467, 1469, 1471, 1472, 1473, 1480, 1481, 1483, 1485, 1486, 1488, 1491, 1492, 1493, 1494, 1497, 1498, 1499, 1501, 1502, 1503, 1517, 1518, 1520, 1523, 1524, 1526, 1536, 1537, 1538, 1539, 1540, 1541, 1597, 1598, 1702, 1703, 1705, 1706, 1707, 1716, 1717, 1718, 1721, 1722, 1723, 1725, 1726, 1728, 1729, 1730, 1732, 1733, 1736, 1737, 1740, 1743, 1744, 1745, 1748, 1752, 1757, 1759, 1782, 1783, 1785, 1786, 1792, 1817, 1840, 1841, 1843, 1844, 1846, 1849, 1853, 1878, 1901, 1902, 1904, 1906, 1908, 1909, 1911, 1912, 1914, 1917, 1919, 1920, 1929, 1931, 1933], "excluded_lines": []}}}, "cruiseplan/calculators/scheduler_utils.py": {"executed_lines": [1, 8, 9, 10, 12, 13, 15, 21, 35, 36, 37, 38, 43, 44, 45, 46, 49, 63, 64, 66, 70, 71, 72, 77, 78, 80, 84, 90, 109, 110, 112, 113, 116, 119, 120, 121, 127, 145, 153, 160, 161, 162, 163, 169, 170, 172, 181, 183, 193, 198, 203, 207, 216, 222, 244, 250, 253, 254, 257, 258, 259, 260, 261, 266, 270, 271, 272, 275, 279, 285, 290, 297, 298, 301, 316, 322, 344, 347, 350, 367, 370, 371, 373, 379, 393, 395, 396, 397, 399, 408, 409, 410, 413, 414, 415, 417, 430, 432, 438, 454, 457, 460, 463, 465], "summary": {"covered_lines": 102, "num_statements": 107, "percent_covered": 95.32710280373831, "percent_covered_display": "95", "missing_lines": 5, "excluded_lines": 0}, "missing_lines": [81, 82, 263, 264, 267], "excluded_lines": [], "functions": {"_extract_leg_buffer_time": {"executed_lines": [35, 36, 37, 38, 43, 44, 45, 46], "summary": {"covered_lines": 8, "num_statements": 8, "percent_covered": 100.0, "percent_covered_display": "100", "missing_lines": 0, "excluded_lines": 0}, "missing_lines": [], "excluded_lines": []}, "_extract_activity_delays": {"executed_lines": [63, 64, 66, 70, 71, 72, 77, 78, 80, 84], "summary": {"covered_lines": 10, "num_statements": 12, "percent_covered": 83.33333333333333, "percent_covered_display": "83", "missing_lines": 2, "excluded_lines": 0}, "missing_lines": [81, 82], "excluded_lines": []}, "_parse_start_datetime": {"executed_lines": [109, 110, 112, 113, 116, 119, 120, 121], "summary": {"covered_lines": 8, "num_statements": 8, "percent_covered": 100.0, "percent_covered_display": "100", "missing_lines": 0, "excluded_lines": 0}, "missing_lines": [], "excluded_lines": []}, "_resolve_operation_details": {"executed_lines": [145, 153, 160, 161, 162, 163], "summary": {"covered_lines": 6, "num_statements": 6, "percent_covered": 100.0, "percent_covered_display": "100", "missing_lines": 0, "excluded_lines": 0}, "missing_lines": [], "excluded_lines": []}, "PositionTracker.__init__": {"executed_lines": [181], "summary": {"covered_lines": 1, "num_statements": 1, "percent_covered": 100.0, "percent_covered_display": "100", "missing_lines": 0, "excluded_lines": 0}, "missing_lines": [], "excluded_lines": []}, "PositionTracker.update_from_activity": {"executed_lines": [193, 198, 203], "summary": {"covered_lines": 3, "num_statements": 3, "percent_covered": 100.0, "percent_covered_display": "100", "missing_lines": 0, "excluded_lines": 0}, "missing_lines": [], "excluded_lines": []}, "PositionTracker.get_position": {"executed_lines": [216], "summary": {"covered_lines": 1, "num_statements": 1, "percent_covered": 100.0, "percent_covered_display": "100", "missing_lines": 0, "excluded_lines": 0}, "missing_lines": [], "excluded_lines": []}, "_calculate_port_to_operations_transit": {"executed_lines": [244, 250, 253, 254, 257, 258, 259, 260, 261, 266, 270, 271, 272, 275, 279, 285, 290, 297, 298, 301, 316], "summary": {"covered_lines": 21, "num_statements": 24, "percent_covered": 87.5, "percent_covered_display": "88", "missing_lines": 3, "excluded_lines": 0}, "missing_lines": [263, 264, 267], "excluded_lines": []}, "_create_operation_activity_record": {"executed_lines": [344, 347, 350, 367, 370, 371, 373], "summary": {"covered_lines": 7, "num_statements": 7, "percent_covered": 100.0, "percent_covered_display": "100", "missing_lines": 0, "excluded_lines": 0}, "missing_lines": [], "excluded_lines": []}, "_create_runtime_legs": {"executed_lines": [393, 395, 396, 397, 399, 408, 409, 410, 413, 414, 415, 417, 430, 432], "summary": {"covered_lines": 14, "num_statements": 14, "percent_covered": 100.0, "percent_covered_display": "100", "missing_lines": 0, "excluded_lines": 0}, "missing_lines": [], "excluded_lines": []}, "_initialize_timeline_state": {"executed_lines": [454, 457, 460, 463, 465], "summary": {"covered_lines": 5, "num_statements": 5, "percent_covered": 100.0, "percent_covered_display": "100", "missing_lines": 0, "excluded_lines": 0}, "missing_lines": [], "excluded_lines": []}, "": {"executed_lines": [1, 8, 9, 10, 12, 13, 15, 21, 49, 90, 127, 169, 170, 172, 183, 207, 222, 322, 379, 438], "summary": {"covered_lines": 18, "num_statements": 18, "percent_covered": 100.0, "percent_covered_display": "100", "missing_lines": 0, "excluded_lines": 0}, "missing_lines": [], "excluded_lines": []}}, "classes": {"PositionTracker": {"executed_lines": [181, 193, 198, 203, 216], "summary": {"covered_lines": 5, "num_statements": 5, "percent_covered": 100.0, "percent_covered_display": "100", "missing_lines": 0, "excluded_lines": 0}, "missing_lines": [], "excluded_lines": []}, "": {"executed_lines": [1, 8, 9, 10, 12, 13, 15, 21, 35, 36, 37, 38, 43, 44, 45, 46, 49, 63, 64, 66, 70, 71, 72, 77, 78, 80, 84, 90, 109, 110, 112, 113, 116, 119, 120, 121, 127, 145, 153, 160, 161, 162, 163, 169, 170, 172, 183, 207, 222, 244, 250, 253, 254, 257, 258, 259, 260, 261, 266, 270, 271, 272, 275, 279, 285, 290, 297, 298, 301, 316, 322, 344, 347, 350, 367, 370, 371, 373, 379, 393, 395, 396, 397, 399, 408, 409, 410, 413, 414, 415, 417, 430, 432, 438, 454, 457, 460, 463, 465], "summary": {"covered_lines": 97, "num_statements": 102, "percent_covered": 95.09803921568627, "percent_covered_display": "95", "missing_lines": 5, "excluded_lines": 0}, "missing_lines": [81, 82, 263, 264, 267], "excluded_lines": []}}}, "cruiseplan/cli/__init__.py": {"executed_lines": [1], "summary": {"covered_lines": 0, "num_statements": 0, "percent_covered": 100.0, "percent_covered_display": "100", "missing_lines": 0, "excluded_lines": 0}, "missing_lines": [], "excluded_lines": [], "functions": {"": {"executed_lines": [1], "summary": {"covered_lines": 0, "num_statements": 0, "percent_covered": 100.0, "percent_covered_display": "100", "missing_lines": 0, "excluded_lines": 0}, "missing_lines": [], "excluded_lines": []}}, "classes": {"": {"executed_lines": [1], "summary": {"covered_lines": 0, "num_statements": 0, "percent_covered": 100.0, "percent_covered_display": "100", "missing_lines": 0, "excluded_lines": 0}, "missing_lines": [], "excluded_lines": []}}}, "cruiseplan/cli/bathymetry.py": {"executed_lines": [1, 13, 14, 15, 17, 18, 23, 27, 33, 39, 42, 56, 74, 77, 86, 88, 92, 93, 94, 95, 97, 98, 99, 100, 102, 103, 104, 105, 107, 108, 109, 110, 112, 113, 114, 115, 117, 118, 119, 120, 122, 123, 124, 127, 136, 138, 142, 145, 148, 151, 152, 153, 155, 156, 159, 160, 161, 164, 169, 176, 177, 186, 189, 192, 194, 196, 197, 198, 201, 206, 207, 208, 209, 210, 211, 212, 213, 214, 215, 218, 225, 226, 227, 228, 230, 235, 245, 246, 249], "summary": {"covered_lines": 88, "num_statements": 99, "percent_covered": 88.88888888888889, "percent_covered_display": "89", "missing_lines": 11, "excluded_lines": 0}, "missing_lines": [89, 90, 180, 181, 203, 220, 221, 222, 223, 231, 250], "excluded_lines": [], "functions": {"get_citation_info": {"executed_lines": [56, 74], "summary": {"covered_lines": 2, "num_statements": 2, "percent_covered": 100.0, "percent_covered_display": "100", "missing_lines": 0, "excluded_lines": 0}, "missing_lines": [], "excluded_lines": []}, "show_citation": {"executed_lines": [86, 88, 92, 93, 94, 95, 97, 98, 99, 100, 102, 103, 104, 105, 107, 108, 109, 110, 112, 113, 114, 115, 117, 118, 119, 120, 122, 123, 124], "summary": {"covered_lines": 29, "num_statements": 31, "percent_covered": 93.54838709677419, "percent_covered_display": "94", "missing_lines": 2, "excluded_lines": 0}, "missing_lines": [89, 90], "excluded_lines": []}, "main": {"executed_lines": [136, 138, 142, 145, 148, 151, 152, 153, 155, 156, 159, 160, 161, 164, 169, 176, 177, 186, 189, 192, 194, 196, 197, 198, 201, 206, 207, 208, 209, 210, 211, 212, 213, 214, 215, 218, 225, 226, 227, 228, 230, 235, 245, 246], "summary": {"covered_lines": 44, "num_statements": 52, "percent_covered": 84.61538461538461, "percent_covered_display": "85", "missing_lines": 8, "excluded_lines": 0}, "missing_lines": [180, 181, 203, 220, 221, 222, 223, 231], "excluded_lines": []}, "": {"executed_lines": [1, 13, 14, 15, 17, 18, 23, 27, 33, 39, 42, 77, 127, 249], "summary": {"covered_lines": 13, "num_statements": 14, "percent_covered": 92.85714285714286, "percent_covered_display": "93", "missing_lines": 1, "excluded_lines": 0}, "missing_lines": [250], "excluded_lines": []}}, "classes": {"": {"executed_lines": [1, 13, 14, 15, 17, 18, 23, 27, 33, 39, 42, 56, 74, 77, 86, 88, 92, 93, 94, 95, 97, 98, 99, 100, 102, 103, 104, 105, 107, 108, 109, 110, 112, 113, 114, 115, 117, 118, 119, 120, 122, 123, 124, 127, 136, 138, 142, 145, 148, 151, 152, 153, 155, 156, 159, 160, 161, 164, 169, 176, 177, 186, 189, 192, 194, 196, 197, 198, 201, 206, 207, 208, 209, 210, 211, 212, 213, 214, 215, 218, 225, 226, 227, 228, 230, 235, 245, 246, 249], "summary": {"covered_lines": 88, "num_statements": 99, "percent_covered": 88.88888888888889, "percent_covered_display": "89", "missing_lines": 11, "excluded_lines": 0}, "missing_lines": [89, 90, 180, 181, 203, 220, 221, 222, 223, 231, 250], "excluded_lines": []}}}, "cruiseplan/cli/cli_utils.py": {"executed_lines": [1, 9, 10, 11, 12, 13, 14, 15, 17, 18, 20, 23, 24, 26, 29, 40, 41, 42, 43, 45, 47, 50, 71, 73, 74, 75, 77, 78, 80, 81, 83, 86, 109, 111, 112, 113, 115, 116, 121, 123, 124, 126, 129, 144, 145, 146, 147, 150, 163, 165, 166, 171, 186, 187, 189, 190, 193, 208, 209, 210, 212, 213, 214, 217, 218, 221, 224, 226, 227, 229, 230, 232, 233, 236, 260, 295, 314, 315, 317, 319, 320, 323, 326, 328, 331, 332, 334, 336, 337, 338, 339, 342, 354, 357, 373, 375, 376, 378, 379, 381, 383, 384, 385, 388, 402, 403, 404, 405, 407, 408, 409, 412, 425, 426, 428, 429, 430, 431, 432, 433, 436, 437, 457, 459, 461, 464, 465, 467, 468, 471, 474, 497, 499, 500, 501, 504, 507, 509, 510, 513, 549, 550, 552, 555, 558, 560, 568, 593, 594, 595, 596, 598, 599, 600, 603, 605, 606, 607, 610, 613, 631, 632, 633, 638, 639, 642, 660, 663, 667, 687, 726, 731, 734, 738, 741, 742, 744, 746, 749, 770, 771, 772, 775, 776, 777, 782, 783, 787, 794, 813, 814, 815, 818, 819, 821, 823, 826, 843, 844, 845, 846, 848, 849, 850, 852, 853, 855, 856, 858, 859, 861, 862, 865, 882, 883, 884, 885, 886, 888, 889, 890, 891, 892, 894, 897, 912, 913, 914, 915, 917, 918, 920, 921, 923, 926, 942, 943, 944, 945, 946, 948, 949, 952, 972, 974, 975, 976, 977, 978, 979, 980, 982, 983, 984, 985, 987, 988, 989, 991, 994, 1007, 1010, 1012, 1013], "summary": {"covered_lines": 262, "num_statements": 284, "percent_covered": 92.25352112676056, "percent_covered_display": "92", "missing_lines": 22, "excluded_lines": 0}, "missing_lines": [118, 167, 168, 222, 250, 251, 254, 255, 256, 257, 278, 279, 282, 284, 285, 289, 292, 505, 664, 735, 743, 854], "excluded_lines": [], "functions": {"setup_logging": {"executed_lines": [40, 41, 42, 43, 45, 47], "summary": {"covered_lines": 6, "num_statements": 6, "percent_covered": 100.0, "percent_covered_display": "100", "missing_lines": 0, "excluded_lines": 0}, "missing_lines": [], "excluded_lines": []}, "validate_input_file": {"executed_lines": [71, 73, 74, 75, 77, 78, 80, 81, 83], "summary": {"covered_lines": 9, "num_statements": 9, "percent_covered": 100.0, "percent_covered_display": "100", "missing_lines": 0, "excluded_lines": 0}, "missing_lines": [], "excluded_lines": []}, "validate_output_path": {"executed_lines": [109, 111, 112, 113, 115, 116, 121, 123, 124, 126], "summary": {"covered_lines": 10, "num_statements": 11, "percent_covered": 90.9090909090909, "percent_covered_display": "91", "missing_lines": 1, "excluded_lines": 0}, "missing_lines": [118], "excluded_lines": []}, "load_yaml_config": {"executed_lines": [144, 145, 146, 147], "summary": {"covered_lines": 4, "num_statements": 4, "percent_covered": 100.0, "percent_covered_display": "100", "missing_lines": 0, "excluded_lines": 0}, "missing_lines": [], "excluded_lines": []}, "save_yaml_config": {"executed_lines": [163, 165, 166], "summary": {"covered_lines": 3, "num_statements": 5, "percent_covered": 60.0, "percent_covered_display": "60", "missing_lines": 2, "excluded_lines": 0}, "missing_lines": [167, 168], "excluded_lines": []}, "generate_output_filename": {"executed_lines": [186, 187, 189, 190], "summary": {"covered_lines": 4, "num_statements": 4, "percent_covered": 100.0, "percent_covered_display": "100", "missing_lines": 0, "excluded_lines": 0}, "missing_lines": [], "excluded_lines": []}, "read_doi_list": {"executed_lines": [208, 209, 210, 212, 213, 214, 217, 218, 221, 224, 226, 227, 229, 230, 232, 233], "summary": {"covered_lines": 16, "num_statements": 17, "percent_covered": 94.11764705882354, "percent_covered_display": "94", "missing_lines": 1, "excluded_lines": 0}, "missing_lines": [222], "excluded_lines": []}, "check_bathymetry_availability": {"executed_lines": [], "summary": {"covered_lines": 0, "num_statements": 6, "percent_covered": 0.0, "percent_covered_display": "0", "missing_lines": 6, "excluded_lines": 0}, "missing_lines": [250, 251, 254, 255, 256, 257], "excluded_lines": []}, "determine_bathymetry_source": {"executed_lines": [], "summary": {"covered_lines": 0, "num_statements": 7, "percent_covered": 0.0, "percent_covered_display": "0", "missing_lines": 7, "excluded_lines": 0}, "missing_lines": [278, 279, 282, 284, 285, 289, 292], "excluded_lines": []}, "load_pangaea_campaign_data": {"executed_lines": [314, 315, 317, 319, 320, 323, 326, 328, 331, 332, 334, 336, 337, 338, 339], "summary": {"covered_lines": 15, "num_statements": 15, "percent_covered": 100.0, "percent_covered_display": "100", "missing_lines": 0, "excluded_lines": 0}, "missing_lines": [], "excluded_lines": []}, "format_coordinate_bounds": {"executed_lines": [354], "summary": {"covered_lines": 1, "num_statements": 1, "percent_covered": 100.0, "percent_covered_display": "100", "missing_lines": 0, "excluded_lines": 0}, "missing_lines": [], "excluded_lines": []}, "confirm_operation": {"executed_lines": [373, 375, 376, 378, 379, 381, 383, 384, 385], "summary": {"covered_lines": 9, "num_statements": 9, "percent_covered": 100.0, "percent_covered_display": "100", "missing_lines": 0, "excluded_lines": 0}, "missing_lines": [], "excluded_lines": []}, "count_individual_warnings": {"executed_lines": [402, 403, 404, 405, 407, 408, 409], "summary": {"covered_lines": 7, "num_statements": 7, "percent_covered": 100.0, "percent_covered_display": "100", "missing_lines": 0, "excluded_lines": 0}, "missing_lines": [], "excluded_lines": []}, "display_user_warnings": {"executed_lines": [425, 426, 428, 429, 430, 431, 432, 433], "summary": {"covered_lines": 8, "num_statements": 8, "percent_covered": 100.0, "percent_covered_display": "100", "missing_lines": 0, "excluded_lines": 0}, "missing_lines": [], "excluded_lines": []}, "capture_and_format_warnings": {"executed_lines": [457, 459, 464, 465, 467, 468, 471], "summary": {"covered_lines": 7, "num_statements": 7, "percent_covered": 100.0, "percent_covered_display": "100", "missing_lines": 0, "excluded_lines": 0}, "missing_lines": [], "excluded_lines": []}, "capture_and_format_warnings.warning_handler": {"executed_lines": [461], "summary": {"covered_lines": 1, "num_statements": 1, "percent_covered": 100.0, "percent_covered_display": "100", "missing_lines": 0, "excluded_lines": 0}, "missing_lines": [], "excluded_lines": []}, "load_cruise_with_pretty_warnings": {"executed_lines": [497, 499, 500, 501, 504, 507, 509, 510], "summary": {"covered_lines": 8, "num_statements": 9, "percent_covered": 88.88888888888889, "percent_covered_display": "89", "missing_lines": 1, "excluded_lines": 0}, "missing_lines": [505], "excluded_lines": []}, "determine_output_path": {"executed_lines": [549, 550, 552, 555, 558, 560], "summary": {"covered_lines": 6, "num_statements": 6, "percent_covered": 100.0, "percent_covered_display": "100", "missing_lines": 0, "excluded_lines": 0}, "missing_lines": [], "excluded_lines": []}, "_parse_format_options": {"executed_lines": [593, 594, 595, 596, 598, 599, 600, 603, 605, 606, 607, 610], "summary": {"covered_lines": 12, "num_statements": 12, "percent_covered": 100.0, "percent_covered_display": "100", "missing_lines": 0, "excluded_lines": 0}, "missing_lines": [], "excluded_lines": []}, "_handle_deprecated_params": {"executed_lines": [631, 632, 633, 638, 639], "summary": {"covered_lines": 5, "num_statements": 5, "percent_covered": 100.0, "percent_covered_display": "100", "missing_lines": 0, "excluded_lines": 0}, "missing_lines": [], "excluded_lines": []}, "_apply_cli_defaults": {"executed_lines": [660, 663], "summary": {"covered_lines": 2, "num_statements": 3, "percent_covered": 66.66666666666667, "percent_covered_display": "67", "missing_lines": 1, "excluded_lines": 0}, "missing_lines": [664], "excluded_lines": []}, "_handle_common_deprecated_params": {"executed_lines": [], "summary": {"covered_lines": 0, "num_statements": 0, "percent_covered": 100.0, "percent_covered_display": "100", "missing_lines": 0, "excluded_lines": 0}, "missing_lines": [], "excluded_lines": []}, "_initialize_cli_command": {"executed_lines": [726, 731, 734, 738, 741, 742, 744, 746], "summary": {"covered_lines": 8, "num_statements": 10, "percent_covered": 80.0, "percent_covered_display": "80", "missing_lines": 2, "excluded_lines": 0}, "missing_lines": [735, 743], "excluded_lines": []}, "_validate_bathymetry_params": {"executed_lines": [770, 771, 772, 775, 776, 777, 782, 783, 787], "summary": {"covered_lines": 9, "num_statements": 9, "percent_covered": 100.0, "percent_covered_display": "100", "missing_lines": 0, "excluded_lines": 0}, "missing_lines": [], "excluded_lines": []}, "_setup_output_strategy": {"executed_lines": [813, 814, 815, 818, 819, 821, 823], "summary": {"covered_lines": 7, "num_statements": 7, "percent_covered": 100.0, "percent_covered_display": "100", "missing_lines": 0, "excluded_lines": 0}, "missing_lines": [], "excluded_lines": []}, "_format_success_message": {"executed_lines": [843, 844, 845, 846, 848, 849, 850, 852, 853, 855, 856, 858, 859, 861, 862], "summary": {"covered_lines": 15, "num_statements": 16, "percent_covered": 93.75, "percent_covered_display": "94", "missing_lines": 1, "excluded_lines": 0}, "missing_lines": [854], "excluded_lines": []}, "_format_error_message": {"executed_lines": [882, 883, 884, 885, 886, 888, 889, 890, 891, 892, 894], "summary": {"covered_lines": 11, "num_statements": 11, "percent_covered": 100.0, "percent_covered_display": "100", "missing_lines": 0, "excluded_lines": 0}, "missing_lines": [], "excluded_lines": []}, "_format_progress_header": {"executed_lines": [912, 913, 914, 915, 917, 918, 920, 921, 923], "summary": {"covered_lines": 9, "num_statements": 9, "percent_covered": 100.0, "percent_covered_display": "100", "missing_lines": 0, "excluded_lines": 0}, "missing_lines": [], "excluded_lines": []}, "_format_duration_seconds": {"executed_lines": [942, 943, 944, 945, 946, 948, 949], "summary": {"covered_lines": 7, "num_statements": 7, "percent_covered": 100.0, "percent_covered_display": "100", "missing_lines": 0, "excluded_lines": 0}, "missing_lines": [], "excluded_lines": []}, "_collect_generated_files": {"executed_lines": [972, 974, 975, 976, 977, 978, 979, 980, 982, 983, 984, 985, 987, 988, 989, 991], "summary": {"covered_lines": 16, "num_statements": 16, "percent_covered": 100.0, "percent_covered_display": "100", "missing_lines": 0, "excluded_lines": 0}, "missing_lines": [], "excluded_lines": []}, "_setup_cli_logging": {"executed_lines": [1007, 1010, 1012, 1013], "summary": {"covered_lines": 4, "num_statements": 4, "percent_covered": 100.0, "percent_covered_display": "100", "missing_lines": 0, "excluded_lines": 0}, "missing_lines": [], "excluded_lines": []}, "": {"executed_lines": [1, 9, 10, 11, 12, 13, 14, 15, 17, 18, 20, 23, 24, 26, 29, 50, 86, 129, 150, 171, 193, 236, 260, 295, 342, 357, 388, 412, 436, 437, 474, 513, 568, 613, 642, 667, 687, 749, 794, 826, 865, 897, 926, 952, 994], "summary": {"covered_lines": 43, "num_statements": 43, "percent_covered": 100.0, "percent_covered_display": "100", "missing_lines": 0, "excluded_lines": 0}, "missing_lines": [], "excluded_lines": []}}, "classes": {"CLIError": {"executed_lines": [], "summary": {"covered_lines": 0, "num_statements": 0, "percent_covered": 100.0, "percent_covered_display": "100", "missing_lines": 0, "excluded_lines": 0}, "missing_lines": [], "excluded_lines": []}, "": {"executed_lines": [1, 9, 10, 11, 12, 13, 14, 15, 17, 18, 20, 23, 24, 26, 29, 40, 41, 42, 43, 45, 47, 50, 71, 73, 74, 75, 77, 78, 80, 81, 83, 86, 109, 111, 112, 113, 115, 116, 121, 123, 124, 126, 129, 144, 145, 146, 147, 150, 163, 165, 166, 171, 186, 187, 189, 190, 193, 208, 209, 210, 212, 213, 214, 217, 218, 221, 224, 226, 227, 229, 230, 232, 233, 236, 260, 295, 314, 315, 317, 319, 320, 323, 326, 328, 331, 332, 334, 336, 337, 338, 339, 342, 354, 357, 373, 375, 376, 378, 379, 381, 383, 384, 385, 388, 402, 403, 404, 405, 407, 408, 409, 412, 425, 426, 428, 429, 430, 431, 432, 433, 436, 437, 457, 459, 461, 464, 465, 467, 468, 471, 474, 497, 499, 500, 501, 504, 507, 509, 510, 513, 549, 550, 552, 555, 558, 560, 568, 593, 594, 595, 596, 598, 599, 600, 603, 605, 606, 607, 610, 613, 631, 632, 633, 638, 639, 642, 660, 663, 667, 687, 726, 731, 734, 738, 741, 742, 744, 746, 749, 770, 771, 772, 775, 776, 777, 782, 783, 787, 794, 813, 814, 815, 818, 819, 821, 823, 826, 843, 844, 845, 846, 848, 849, 850, 852, 853, 855, 856, 858, 859, 861, 862, 865, 882, 883, 884, 885, 886, 888, 889, 890, 891, 892, 894, 897, 912, 913, 914, 915, 917, 918, 920, 921, 923, 926, 942, 943, 944, 945, 946, 948, 949, 952, 972, 974, 975, 976, 977, 978, 979, 980, 982, 983, 984, 985, 987, 988, 989, 991, 994, 1007, 1010, 1012, 1013], "summary": {"covered_lines": 262, "num_statements": 284, "percent_covered": 92.25352112676056, "percent_covered_display": "92", "missing_lines": 22, "excluded_lines": 0}, "missing_lines": [118, 167, 168, 222, 250, 251, 254, 255, 256, 257, 278, 279, 282, 284, 285, 289, 292, 505, 664, 735, 743, 854], "excluded_lines": []}}}, "cruiseplan/cli/demo.py": {"executed_lines": [1, 3, 4, 5, 8, 11, 23, 24, 25, 28, 29, 30, 31, 32, 35, 36, 39, 40, 42, 43, 44, 59, 62, 63, 64, 65, 66, 67, 68, 69, 71, 72, 74, 77], "summary": {"covered_lines": 34, "num_statements": 35, "percent_covered": 97.14285714285714, "percent_covered_display": "97", "missing_lines": 1, "excluded_lines": 0}, "missing_lines": [78], "excluded_lines": [], "functions": {"main": {"executed_lines": [23, 24, 25, 28, 29, 30, 31, 32, 35, 36, 39, 40, 42, 43, 44, 59, 62, 63, 64, 65, 66, 67, 68, 69, 71, 72, 74], "summary": {"covered_lines": 27, "num_statements": 27, "percent_covered": 100.0, "percent_covered_display": "100", "missing_lines": 0, "excluded_lines": 0}, "missing_lines": [], "excluded_lines": []}, "": {"executed_lines": [1, 3, 4, 5, 8, 11, 77], "summary": {"covered_lines": 7, "num_statements": 8, "percent_covered": 87.5, "percent_covered_display": "88", "missing_lines": 1, "excluded_lines": 0}, "missing_lines": [78], "excluded_lines": []}}, "classes": {"": {"executed_lines": [1, 3, 4, 5, 8, 11, 23, 24, 25, 28, 29, 30, 31, 32, 35, 36, 39, 40, 42, 43, 44, 59, 62, 63, 64, 65, 66, 67, 68, 69, 71, 72, 74, 77], "summary": {"covered_lines": 34, "num_statements": 35, "percent_covered": 97.14285714285714, "percent_covered_display": "97", "missing_lines": 1, "excluded_lines": 0}, "missing_lines": [78], "excluded_lines": []}}}, "cruiseplan/cli/enrich.py": {"executed_lines": [1, 13, 14, 15, 16, 18, 20, 21, 30, 34, 40, 48, 60, 63, 65, 66, 67, 68, 69, 72, 73, 74, 75, 76, 77, 78, 82, 85, 88, 89, 90, 91, 92, 93, 94, 104, 105, 106, 107, 108, 109, 110, 114, 117, 120, 121, 122, 123, 124, 125, 126, 130, 133, 136, 137, 138, 139, 140, 146, 149, 153, 156, 159, 167, 171, 175, 179, 183, 187, 191, 192, 194, 195, 199, 200, 205, 206, 208, 211, 218, 220, 223, 226, 229, 230, 231, 234, 235, 238, 248, 253, 256, 259, 260, 263, 266, 270, 272, 275, 278, 279, 280, 281, 283, 284, 285, 286, 288, 289, 297, 298, 300, 302, 303, 304, 305, 307, 310, 313, 314, 316, 317, 318, 320, 321, 331, 332, 335], "summary": {"covered_lines": 127, "num_statements": 153, "percent_covered": 83.00653594771242, "percent_covered_display": "83", "missing_lines": 26, "excluded_lines": 0}, "missing_lines": [87, 98, 101, 103, 119, 135, 141, 142, 151, 232, 233, 337, 339, 340, 343, 344, 347, 350, 353, 354, 357, 358, 360, 361, 363, 364], "excluded_lines": [], "functions": {"_format_validation_errors": {"executed_lines": [65, 66, 67, 68, 69, 72, 73, 74, 75, 76, 77, 78, 82, 85, 88, 89, 90, 91, 92, 93, 94, 104, 105, 106, 107, 108, 109, 110, 114, 117, 120, 121, 122, 123, 124, 125, 126, 130, 133, 136, 137, 138, 139, 140, 146, 149, 153], "summary": {"covered_lines": 47, "num_statements": 56, "percent_covered": 83.92857142857143, "percent_covered_display": "84", "missing_lines": 9, "excluded_lines": 0}, "missing_lines": [87, 98, 101, 103, 119, 135, 141, 142, 151], "excluded_lines": []}, "_show_enrichment_summary": {"executed_lines": [159, 167, 171, 175, 179, 183, 187, 191, 192, 194, 195, 199, 200, 205, 206, 208], "summary": {"covered_lines": 16, "num_statements": 16, "percent_covered": 100.0, "percent_covered_display": "100", "missing_lines": 0, "excluded_lines": 0}, "missing_lines": [], "excluded_lines": []}, "main": {"executed_lines": [218, 220, 223, 226, 229, 230, 231, 234, 235, 238, 248, 253, 256, 259, 260, 263, 266, 270, 272, 275, 278, 279, 280, 281, 283, 284, 285, 286, 288, 289, 297, 298, 300, 302, 303, 304, 305, 307, 310, 313, 314, 316, 317, 318, 320, 321, 331, 332], "summary": {"covered_lines": 48, "num_statements": 50, "percent_covered": 96.0, "percent_covered_display": "96", "missing_lines": 2, "excluded_lines": 0}, "missing_lines": [232, 233], "excluded_lines": []}, "": {"executed_lines": [1, 13, 14, 15, 16, 18, 20, 21, 30, 34, 40, 48, 60, 63, 156, 211, 335], "summary": {"covered_lines": 16, "num_statements": 31, "percent_covered": 51.61290322580645, "percent_covered_display": "52", "missing_lines": 15, "excluded_lines": 0}, "missing_lines": [337, 339, 340, 343, 344, 347, 350, 353, 354, 357, 358, 360, 361, 363, 364], "excluded_lines": []}}, "classes": {"": {"executed_lines": [1, 13, 14, 15, 16, 18, 20, 21, 30, 34, 40, 48, 60, 63, 65, 66, 67, 68, 69, 72, 73, 74, 75, 76, 77, 78, 82, 85, 88, 89, 90, 91, 92, 93, 94, 104, 105, 106, 107, 108, 109, 110, 114, 117, 120, 121, 122, 123, 124, 125, 126, 130, 133, 136, 137, 138, 139, 140, 146, 149, 153, 156, 159, 167, 171, 175, 179, 183, 187, 191, 192, 194, 195, 199, 200, 205, 206, 208, 211, 218, 220, 223, 226, 229, 230, 231, 234, 235, 238, 248, 253, 256, 259, 260, 263, 266, 270, 272, 275, 278, 279, 280, 281, 283, 284, 285, 286, 288, 289, 297, 298, 300, 302, 303, 304, 305, 307, 310, 313, 314, 316, 317, 318, 320, 321, 331, 332, 335], "summary": {"covered_lines": 127, "num_statements": 153, "percent_covered": 83.00653594771242, "percent_covered_display": "83", "missing_lines": 26, "excluded_lines": 0}, "missing_lines": [87, 98, 101, 103, 119, 135, 141, 142, 151, 232, 233, 337, 339, 340, 343, 344, 347, 350, 353, 354, 357, 358, 360, 361, 363, 364], "excluded_lines": []}}}, "cruiseplan/cli/main.py": {"executed_lines": [1, 9, 10, 11, 13, 14, 21, 35, 47, 59, 71, 83, 85, 104, 108, 116, 134, 141, 147, 153, 158, 167, 170, 177, 184, 189, 195, 196, 203, 209, 215, 221, 231, 234, 237, 245, 253, 260, 266, 273, 279, 285, 290, 297, 300, 307, 312, 317, 324, 330, 336, 341, 344, 349, 352, 359, 364, 369, 374, 380, 386, 394, 410, 417, 424, 429, 435, 441, 447, 453, 461, 466, 471, 476, 500, 509, 512, 517, 524, 527, 530, 535, 540, 545, 550, 557, 562, 565, 573, 576, 585, 592, 595, 601, 607, 617, 620, 625, 650, 654, 661, 668, 674, 681, 685, 691, 697, 702, 705, 706, 707, 710, 713, 717, 718, 720, 721, 722, 724, 725, 729, 733, 737, 741, 742, 744, 746, 747, 749, 750, 751, 752, 754, 757, 760], "summary": {"covered_lines": 134, "num_statements": 152, "percent_covered": 88.15789473684211, "percent_covered_display": "88", "missing_lines": 18, "excluded_lines": 0}, "missing_lines": [15, 16, 30, 44, 56, 68, 80, 714, 716, 726, 728, 730, 732, 734, 736, 738, 740, 761], "excluded_lines": [], "functions": {"schedule_main": {"executed_lines": [], "summary": {"covered_lines": 0, "num_statements": 1, "percent_covered": 0.0, "percent_covered_display": "0", "missing_lines": 1, "excluded_lines": 0}, "missing_lines": [30], "excluded_lines": []}, "stations_main": {"executed_lines": [], "summary": {"covered_lines": 0, "num_statements": 1, "percent_covered": 0.0, "percent_covered_display": "0", "missing_lines": 1, "excluded_lines": 0}, "missing_lines": [44], "excluded_lines": []}, "enrich_main": {"executed_lines": [], "summary": {"covered_lines": 0, "num_statements": 1, "percent_covered": 0.0, "percent_covered_display": "0", "missing_lines": 1, "excluded_lines": 0}, "missing_lines": [56], "excluded_lines": []}, "validate_main": {"executed_lines": [], "summary": {"covered_lines": 0, "num_statements": 1, "percent_covered": 0.0, "percent_covered_display": "0", "missing_lines": 1, "excluded_lines": 0}, "missing_lines": [68], "excluded_lines": []}, "pangaea_main": {"executed_lines": [], "summary": {"covered_lines": 0, "num_statements": 1, "percent_covered": 0.0, "percent_covered_display": "0", "missing_lines": 1, "excluded_lines": 0}, "missing_lines": [80], "excluded_lines": []}, "main": {"executed_lines": [85, 104, 108, 116, 134, 141, 147, 153, 158, 167, 170, 177, 184, 189, 195, 196, 203, 209, 215, 221, 231, 234, 237, 245, 253, 260, 266, 273, 279, 285, 290, 297, 300, 307, 312, 317, 324, 330, 336, 341, 344, 349, 352, 359, 364, 369, 374, 380, 386, 394, 410, 417, 424, 429, 435, 441, 447, 453, 461, 466, 471, 476, 500, 509, 512, 517, 524, 527, 530, 535, 540, 545, 550, 557, 562, 565, 573, 576, 585, 592, 595, 601, 607, 617, 620, 625, 650, 654, 661, 668, 674, 681, 685, 691, 697, 702, 705, 706, 707, 710, 713, 717, 718, 720, 721, 722, 724, 725, 729, 733, 737, 741, 742, 744, 746, 747, 749, 750, 751, 752, 754, 757], "summary": {"covered_lines": 122, "num_statements": 132, "percent_covered": 92.42424242424242, "percent_covered_display": "92", "missing_lines": 10, "excluded_lines": 0}, "missing_lines": [714, 716, 726, 728, 730, 732, 734, 736, 738, 740], "excluded_lines": []}, "": {"executed_lines": [1, 9, 10, 11, 13, 14, 21, 35, 47, 59, 71, 83, 760], "summary": {"covered_lines": 12, "num_statements": 15, "percent_covered": 80.0, "percent_covered_display": "80", "missing_lines": 3, "excluded_lines": 0}, "missing_lines": [15, 16, 761], "excluded_lines": []}}, "classes": {"": {"executed_lines": [1, 9, 10, 11, 13, 14, 21, 35, 47, 59, 71, 83, 85, 104, 108, 116, 134, 141, 147, 153, 158, 167, 170, 177, 184, 189, 195, 196, 203, 209, 215, 221, 231, 234, 237, 245, 253, 260, 266, 273, 279, 285, 290, 297, 300, 307, 312, 317, 324, 330, 336, 341, 344, 349, 352, 359, 364, 369, 374, 380, 386, 394, 410, 417, 424, 429, 435, 441, 447, 453, 461, 466, 471, 476, 500, 509, 512, 517, 524, 527, 530, 535, 540, 545, 550, 557, 562, 565, 573, 576, 585, 592, 595, 601, 607, 617, 620, 625, 650, 654, 661, 668, 674, 681, 685, 691, 697, 702, 705, 706, 707, 710, 713, 717, 718, 720, 721, 722, 724, 725, 729, 733, 737, 741, 742, 744, 746, 747, 749, 750, 751, 752, 754, 757, 760], "summary": {"covered_lines": 134, "num_statements": 152, "percent_covered": 88.15789473684211, "percent_covered_display": "88", "missing_lines": 18, "excluded_lines": 0}, "missing_lines": [15, 16, 30, 44, 56, 68, 80, 714, 716, 726, 728, 730, 732, 734, 736, 738, 740, 761], "excluded_lines": []}}}, "cruiseplan/cli/map.py": {"executed_lines": [1, 13, 14, 16, 17, 25, 29, 35, 42, 54, 57, 66, 68, 71, 74, 77, 78, 80, 81, 83, 86, 91, 99, 102, 103, 104, 107, 108, 111, 114, 118, 120, 123, 125, 126, 127, 128, 130, 141, 142, 152, 153, 154, 156, 157, 159], "summary": {"covered_lines": 45, "num_statements": 48, "percent_covered": 93.75, "percent_covered_display": "94", "missing_lines": 3, "excluded_lines": 0}, "missing_lines": [131, 139, 140], "excluded_lines": [], "functions": {"main": {"executed_lines": [66, 68, 71, 74, 77, 78, 80, 81, 83, 86, 91, 99, 102, 103, 104, 107, 108, 111, 114, 118, 120, 123, 125, 126, 127, 128, 130, 141, 142, 152, 153, 154, 156, 157, 159], "summary": {"covered_lines": 35, "num_statements": 38, "percent_covered": 92.10526315789474, "percent_covered_display": "92", "missing_lines": 3, "excluded_lines": 0}, "missing_lines": [131, 139, 140], "excluded_lines": []}, "": {"executed_lines": [1, 13, 14, 16, 17, 25, 29, 35, 42, 54, 57], "summary": {"covered_lines": 10, "num_statements": 10, "percent_covered": 100.0, "percent_covered_display": "100", "missing_lines": 0, "excluded_lines": 0}, "missing_lines": [], "excluded_lines": []}}, "classes": {"": {"executed_lines": [1, 13, 14, 16, 17, 25, 29, 35, 42, 54, 57, 66, 68, 71, 74, 77, 78, 80, 81, 83, 86, 91, 99, 102, 103, 104, 107, 108, 111, 114, 118, 120, 123, 125, 126, 127, 128, 130, 141, 142, 152, 153, 154, 156, 157, 159], "summary": {"covered_lines": 45, "num_statements": 48, "percent_covered": 93.75, "percent_covered_display": "94", "missing_lines": 3, "excluded_lines": 0}, "missing_lines": [131, 139, 140], "excluded_lines": []}}}, "cruiseplan/cli/pangaea.py": {"executed_lines": [1, 14, 15, 16, 17, 18, 20, 21, 29, 33, 39, 46, 49, 75, 77, 78, 79, 80, 83, 100, 101, 102, 103, 106, 107, 117, 126, 128, 131, 134, 137, 140, 150, 155, 158, 159, 162, 163, 166, 167, 170, 174, 176, 179, 182, 183, 184, 188, 189, 190, 194, 195, 196, 197, 199, 212, 213, 214, 216, 218, 223, 233, 234, 238, 241], "summary": {"covered_lines": 64, "num_statements": 84, "percent_covered": 76.19047619047619, "percent_covered_display": "76", "missing_lines": 20, "excluded_lines": 0}, "missing_lines": [110, 111, 114, 200, 209, 210, 219, 235, 237, 243, 245, 246, 247, 248, 249, 250, 251, 252, 254, 255], "excluded_lines": [], "functions": {"validate_lat_lon_bounds": {"executed_lines": [75, 77, 78, 79, 80], "summary": {"covered_lines": 5, "num_statements": 5, "percent_covered": 100.0, "percent_covered_display": "100", "missing_lines": 0, "excluded_lines": 0}, "missing_lines": [], "excluded_lines": []}, "determine_workflow_mode": {"executed_lines": [100, 101, 102, 103, 106, 107], "summary": {"covered_lines": 6, "num_statements": 9, "percent_covered": 66.66666666666667, "percent_covered_display": "67", "missing_lines": 3, "excluded_lines": 0}, "missing_lines": [110, 111, 114], "excluded_lines": []}, "main": {"executed_lines": [126, 128, 131, 134, 137, 140, 150, 155, 158, 159, 162, 163, 166, 167, 170, 174, 176, 179, 182, 183, 184, 188, 189, 190, 194, 195, 196, 197, 199, 212, 213, 214, 216, 218, 223, 233, 234, 238], "summary": {"covered_lines": 38, "num_statements": 44, "percent_covered": 86.36363636363636, "percent_covered_display": "86", "missing_lines": 6, "excluded_lines": 0}, "missing_lines": [200, 209, 210, 219, 235, 237], "excluded_lines": []}, "": {"executed_lines": [1, 14, 15, 16, 17, 18, 20, 21, 29, 33, 39, 46, 49, 83, 117, 241], "summary": {"covered_lines": 15, "num_statements": 26, "percent_covered": 57.69230769230769, "percent_covered_display": "58", "missing_lines": 11, "excluded_lines": 0}, "missing_lines": [243, 245, 246, 247, 248, 249, 250, 251, 252, 254, 255], "excluded_lines": []}}, "classes": {"": {"executed_lines": [1, 14, 15, 16, 17, 18, 20, 21, 29, 33, 39, 46, 49, 75, 77, 78, 79, 80, 83, 100, 101, 102, 103, 106, 107, 117, 126, 128, 131, 134, 137, 140, 150, 155, 158, 159, 162, 163, 166, 167, 170, 174, 176, 179, 182, 183, 184, 188, 189, 190, 194, 195, 196, 197, 199, 212, 213, 214, 216, 218, 223, 233, 234, 238, 241], "summary": {"covered_lines": 64, "num_statements": 84, "percent_covered": 76.19047619047619, "percent_covered_display": "76", "missing_lines": 20, "excluded_lines": 0}, "missing_lines": [110, 111, 114, 200, 209, 210, 219, 235, 237, 243, 245, 246, 247, 248, 249, 250, 251, 252, 254, 255], "excluded_lines": []}}}, "cruiseplan/cli/process.py": {"executed_lines": [1, 11, 12, 13, 14, 16, 17, 26, 30, 35, 42, 54, 57, 66, 68, 71, 74, 77, 78, 79, 80, 81, 82, 83, 86, 96, 101, 104, 105, 108, 109, 112, 113, 116, 126, 128, 131, 138, 139, 148, 149, 151, 152, 153, 155, 156, 166, 167, 170], "summary": {"covered_lines": 48, "num_statements": 61, "percent_covered": 78.68852459016394, "percent_covered_display": "79", "missing_lines": 13, "excluded_lines": 0}, "missing_lines": [133, 134, 135, 136, 172, 174, 177, 184, 187, 190, 193, 195, 196], "excluded_lines": [], "functions": {"main": {"executed_lines": [66, 68, 71, 74, 77, 78, 79, 80, 81, 82, 83, 86, 96, 101, 104, 105, 108, 109, 112, 113, 116, 126, 128, 131, 138, 139, 148, 149, 151, 152, 153, 155, 156, 166, 167], "summary": {"covered_lines": 35, "num_statements": 39, "percent_covered": 89.74358974358974, "percent_covered_display": "90", "missing_lines": 4, "excluded_lines": 0}, "missing_lines": [133, 134, 135, 136], "excluded_lines": []}, "": {"executed_lines": [1, 11, 12, 13, 14, 16, 17, 26, 30, 35, 42, 54, 57, 170], "summary": {"covered_lines": 13, "num_statements": 22, "percent_covered": 59.09090909090909, "percent_covered_display": "59", "missing_lines": 9, "excluded_lines": 0}, "missing_lines": [172, 174, 177, 184, 187, 190, 193, 195, 196], "excluded_lines": []}}, "classes": {"": {"executed_lines": [1, 11, 12, 13, 14, 16, 17, 26, 30, 35, 42, 54, 57, 66, 68, 71, 74, 77, 78, 79, 80, 81, 82, 83, 86, 96, 101, 104, 105, 108, 109, 112, 113, 116, 126, 128, 131, 138, 139, 148, 149, 151, 152, 153, 155, 156, 166, 167, 170], "summary": {"covered_lines": 48, "num_statements": 61, "percent_covered": 78.68852459016394, "percent_covered_display": "79", "missing_lines": 13, "excluded_lines": 0}, "missing_lines": [133, 134, 135, 136, 172, 174, 177, 184, 187, 190, 193, 195, 196], "excluded_lines": []}}}, "cruiseplan/cli/schedule.py": {"executed_lines": [1, 13, 14, 15, 16, 18, 19, 28, 32, 38, 46, 58, 61, 75, 77, 80, 83, 86, 87, 88, 89, 90, 91, 92, 95, 104, 107, 108, 111, 112, 115, 125, 127, 131, 132, 135, 137, 138, 139, 140, 142, 143, 144, 146, 150, 151, 161, 162, 165], "summary": {"covered_lines": 48, "num_statements": 59, "percent_covered": 81.35593220338983, "percent_covered_display": "81", "missing_lines": 11, "excluded_lines": 0}, "missing_lines": [147, 148, 167, 168, 175, 178, 184, 187, 188, 190, 191], "excluded_lines": [], "functions": {"main": {"executed_lines": [75, 77, 80, 83, 86, 87, 88, 89, 90, 91, 92, 95, 104, 107, 108, 111, 112, 115, 125, 127, 131, 132, 135, 137, 138, 139, 140, 142, 143, 144, 146, 150, 151, 161, 162], "summary": {"covered_lines": 35, "num_statements": 37, "percent_covered": 94.5945945945946, "percent_covered_display": "95", "missing_lines": 2, "excluded_lines": 0}, "missing_lines": [147, 148], "excluded_lines": []}, "": {"executed_lines": [1, 13, 14, 15, 16, 18, 19, 28, 32, 38, 46, 58, 61, 165], "summary": {"covered_lines": 13, "num_statements": 22, "percent_covered": 59.09090909090909, "percent_covered_display": "59", "missing_lines": 9, "excluded_lines": 0}, "missing_lines": [167, 168, 175, 178, 184, 187, 188, 190, 191], "excluded_lines": []}}, "classes": {"": {"executed_lines": [1, 13, 14, 15, 16, 18, 19, 28, 32, 38, 46, 58, 61, 75, 77, 80, 83, 86, 87, 88, 89, 90, 91, 92, 95, 104, 107, 108, 111, 112, 115, 125, 127, 131, 132, 135, 137, 138, 139, 140, 142, 143, 144, 146, 150, 151, 161, 162, 165], "summary": {"covered_lines": 48, "num_statements": 59, "percent_covered": 81.35593220338983, "percent_covered_display": "81", "missing_lines": 11, "excluded_lines": 0}, "missing_lines": [147, 148, 167, 168, 175, 178, 184, 187, 188, 190, 191], "excluded_lines": []}}}, "cruiseplan/cli/stations.py": {"executed_lines": [1, 8, 9, 10, 11, 12, 14, 24, 29, 34, 37, 56, 57, 58, 59, 62, 65, 66, 67, 69, 70, 71, 73, 75, 76, 78, 79, 81, 84, 87, 88, 90, 93, 96, 105, 107, 111, 114, 117, 120, 121, 122, 123, 128, 129, 130, 133, 134, 135, 136, 137, 139, 143, 146, 149, 150, 151, 152, 155, 156, 158, 159, 160, 162, 165, 167, 168, 169, 174, 177, 191, 194, 195, 196, 197, 198, 199, 200, 201, 202, 203, 204, 207, 208, 211, 213, 223, 224, 225, 228, 231, 240, 241, 250, 251, 253, 254, 255, 276], "summary": {"covered_lines": 98, "num_statements": 124, "percent_covered": 79.03225806451613, "percent_covered_display": "79", "missing_lines": 26, "excluded_lines": 0}, "missing_lines": [180, 181, 184, 187, 190, 233, 234, 237, 238, 257, 258, 268, 269, 270, 272, 273, 278, 280, 281, 284, 287, 290, 293, 296, 300, 301], "excluded_lines": [], "functions": {"determine_coordinate_bounds": {"executed_lines": [56, 57, 58, 59, 62, 65, 66, 67, 69, 70, 71, 73, 75, 76, 78, 79, 81, 84, 87, 88, 90, 93], "summary": {"covered_lines": 22, "num_statements": 22, "percent_covered": 100.0, "percent_covered_display": "100", "missing_lines": 0, "excluded_lines": 0}, "missing_lines": [], "excluded_lines": []}, "main": {"executed_lines": [105, 107, 111, 114, 117, 120, 121, 122, 123, 128, 129, 130, 133, 134, 135, 136, 137, 139, 143, 146, 149, 150, 151, 152, 155, 156, 158, 159, 160, 162, 165, 167, 168, 169, 174, 177, 191, 194, 195, 196, 197, 198, 199, 200, 201, 202, 203, 204, 207, 208, 211, 213, 223, 224, 225, 228, 231, 240, 241, 250, 251, 253, 254, 255], "summary": {"covered_lines": 64, "num_statements": 80, "percent_covered": 80.0, "percent_covered_display": "80", "missing_lines": 16, "excluded_lines": 0}, "missing_lines": [180, 181, 184, 187, 190, 233, 234, 237, 238, 257, 258, 268, 269, 270, 272, 273], "excluded_lines": []}, "": {"executed_lines": [1, 8, 9, 10, 11, 12, 14, 24, 29, 34, 37, 96, 276], "summary": {"covered_lines": 12, "num_statements": 22, "percent_covered": 54.54545454545455, "percent_covered_display": "55", "missing_lines": 10, "excluded_lines": 0}, "missing_lines": [278, 280, 281, 284, 287, 290, 293, 296, 300, 301], "excluded_lines": []}}, "classes": {"": {"executed_lines": [1, 8, 9, 10, 11, 12, 14, 24, 29, 34, 37, 56, 57, 58, 59, 62, 65, 66, 67, 69, 70, 71, 73, 75, 76, 78, 79, 81, 84, 87, 88, 90, 93, 96, 105, 107, 111, 114, 117, 120, 121, 122, 123, 128, 129, 130, 133, 134, 135, 136, 137, 139, 143, 146, 149, 150, 151, 152, 155, 156, 158, 159, 160, 162, 165, 167, 168, 169, 174, 177, 191, 194, 195, 196, 197, 198, 199, 200, 201, 202, 203, 204, 207, 208, 211, 213, 223, 224, 225, 228, 231, 240, 241, 250, 251, 253, 254, 255, 276], "summary": {"covered_lines": 98, "num_statements": 124, "percent_covered": 79.03225806451613, "percent_covered_display": "79", "missing_lines": 26, "excluded_lines": 0}, "missing_lines": [180, 181, 184, 187, 190, 233, 234, 237, 238, 257, 258, 268, 269, 270, 272, 273, 278, 280, 281, 284, 287, 290, 293, 296, 300, 301], "excluded_lines": []}}}, "cruiseplan/cli/validate.py": {"executed_lines": [1, 13, 14, 15, 16, 18, 19, 26, 31, 36, 43, 53, 56, 70, 71, 73, 76, 79, 82, 90, 93, 94, 97, 100, 103, 104, 105, 106, 108, 109, 110, 111, 113, 114, 115, 116, 119, 121, 122, 123, 124, 125, 127, 128, 130, 143, 147, 149, 150, 154, 163, 164, 167], "summary": {"covered_lines": 52, "num_statements": 67, "percent_covered": 77.61194029850746, "percent_covered_display": "78", "missing_lines": 15, "excluded_lines": 0}, "missing_lines": [131, 140, 141, 144, 145, 169, 171, 172, 175, 178, 179, 182, 185, 187, 188], "excluded_lines": [], "functions": {"main": {"executed_lines": [70, 71, 73, 76, 79, 82, 90, 93, 94, 97, 100, 103, 104, 105, 106, 108, 109, 110, 111, 113, 114, 115, 116, 119, 121, 122, 123, 124, 125, 127, 128, 130, 143, 147, 149, 150, 154, 163, 164], "summary": {"covered_lines": 39, "num_statements": 44, "percent_covered": 88.63636363636364, "percent_covered_display": "89", "missing_lines": 5, "excluded_lines": 0}, "missing_lines": [131, 140, 141, 144, 145], "excluded_lines": []}, "": {"executed_lines": [1, 13, 14, 15, 16, 18, 19, 26, 31, 36, 43, 53, 56, 167], "summary": {"covered_lines": 13, "num_statements": 23, "percent_covered": 56.52173913043478, "percent_covered_display": "57", "missing_lines": 10, "excluded_lines": 0}, "missing_lines": [169, 171, 172, 175, 178, 179, 182, 185, 187, 188], "excluded_lines": []}}, "classes": {"": {"executed_lines": [1, 13, 14, 15, 16, 18, 19, 26, 31, 36, 43, 53, 56, 70, 71, 73, 76, 79, 82, 90, 93, 94, 97, 100, 103, 104, 105, 106, 108, 109, 110, 111, 113, 114, 115, 116, 119, 121, 122, 123, 124, 125, 127, 128, 130, 143, 147, 149, 150, 154, 163, 164, 167], "summary": {"covered_lines": 52, "num_statements": 67, "percent_covered": 77.61194029850746, "percent_covered_display": "78", "missing_lines": 15, "excluded_lines": 0}, "missing_lines": [131, 140, 141, 144, 145, 169, 171, 172, 175, 178, 179, 182, 185, 187, 188], "excluded_lines": []}}}, "cruiseplan/core/__init__.py": {"executed_lines": [1], "summary": {"covered_lines": 0, "num_statements": 0, "percent_covered": 100.0, "percent_covered_display": "100", "missing_lines": 0, "excluded_lines": 0}, "missing_lines": [], "excluded_lines": [], "functions": {"": {"executed_lines": [1], "summary": {"covered_lines": 0, "num_statements": 0, "percent_covered": 100.0, "percent_covered_display": "100", "missing_lines": 0, "excluded_lines": 0}, "missing_lines": [], "excluded_lines": []}}, "classes": {"": {"executed_lines": [1], "summary": {"covered_lines": 0, "num_statements": 0, "percent_covered": 100.0, "percent_covered_display": "100", "missing_lines": 0, "excluded_lines": 0}, "missing_lines": [], "excluded_lines": []}}}, "cruiseplan/core/cluster.py": {"executed_lines": [1, 10, 12, 13, 16, 17, 59, 80, 81, 82, 83, 86, 88, 101, 103, 117, 118, 119, 120, 121, 123, 137, 138, 139, 140, 142, 154, 156, 170, 171, 172, 173, 175, 184, 186, 195, 197, 206, 208, 217, 219, 230, 231, 232, 233, 234, 235, 237, 248, 249, 250, 251, 252, 255, 264, 266, 275, 276, 278, 279, 296, 311], "summary": {"covered_lines": 60, "num_statements": 61, "percent_covered": 98.36065573770492, "percent_covered_display": "98", "missing_lines": 1, "excluded_lines": 0}, "missing_lines": [253], "excluded_lines": [], "functions": {"Cluster.__init__": {"executed_lines": [80, 81, 82, 83, 86], "summary": {"covered_lines": 5, "num_statements": 5, "percent_covered": 100.0, "percent_covered_display": "100", "missing_lines": 0, "excluded_lines": 0}, "missing_lines": [], "excluded_lines": []}, "Cluster.add_operation": {"executed_lines": [101], "summary": {"covered_lines": 1, "num_statements": 1, "percent_covered": 100.0, "percent_covered_display": "100", "missing_lines": 0, "excluded_lines": 0}, "missing_lines": [], "excluded_lines": []}, "Cluster.remove_operation": {"executed_lines": [117, 118, 119, 120, 121], "summary": {"covered_lines": 5, "num_statements": 5, "percent_covered": 100.0, "percent_covered_display": "100", "missing_lines": 0, "excluded_lines": 0}, "missing_lines": [], "excluded_lines": []}, "Cluster.get_operation": {"executed_lines": [137, 138, 139, 140], "summary": {"covered_lines": 4, "num_statements": 4, "percent_covered": 100.0, "percent_covered_display": "100", "missing_lines": 0, "excluded_lines": 0}, "missing_lines": [], "excluded_lines": []}, "Cluster.get_all_operations": {"executed_lines": [154], "summary": {"covered_lines": 1, "num_statements": 1, "percent_covered": 100.0, "percent_covered_display": "100", "missing_lines": 0, "excluded_lines": 0}, "missing_lines": [], "excluded_lines": []}, "Cluster.calculate_total_duration": {"executed_lines": [170, 171, 172, 173], "summary": {"covered_lines": 4, "num_statements": 4, "percent_covered": 100.0, "percent_covered_display": "100", "missing_lines": 0, "excluded_lines": 0}, "missing_lines": [], "excluded_lines": []}, "Cluster.is_empty": {"executed_lines": [184], "summary": {"covered_lines": 1, "num_statements": 1, "percent_covered": 100.0, "percent_covered_display": "100", "missing_lines": 0, "excluded_lines": 0}, "missing_lines": [], "excluded_lines": []}, "Cluster.get_operation_count": {"executed_lines": [195], "summary": {"covered_lines": 1, "num_statements": 1, "percent_covered": 100.0, "percent_covered_display": "100", "missing_lines": 0, "excluded_lines": 0}, "missing_lines": [], "excluded_lines": []}, "Cluster.allows_reordering": {"executed_lines": [206], "summary": {"covered_lines": 1, "num_statements": 1, "percent_covered": 100.0, "percent_covered_display": "100", "missing_lines": 0, "excluded_lines": 0}, "missing_lines": [], "excluded_lines": []}, "Cluster.get_operation_names": {"executed_lines": [217], "summary": {"covered_lines": 1, "num_statements": 1, "percent_covered": 100.0, "percent_covered_display": "100", "missing_lines": 0, "excluded_lines": 0}, "missing_lines": [], "excluded_lines": []}, "Cluster.get_entry_point": {"executed_lines": [230, 231, 232, 233, 234, 235], "summary": {"covered_lines": 6, "num_statements": 6, "percent_covered": 100.0, "percent_covered_display": "100", "missing_lines": 0, "excluded_lines": 0}, "missing_lines": [], "excluded_lines": []}, "Cluster.get_exit_point": {"executed_lines": [248, 249, 250, 251, 252], "summary": {"covered_lines": 5, "num_statements": 6, "percent_covered": 83.33333333333333, "percent_covered_display": "83", "missing_lines": 1, "excluded_lines": 0}, "missing_lines": [253], "excluded_lines": []}, "Cluster.__repr__": {"executed_lines": [264], "summary": {"covered_lines": 1, "num_statements": 1, "percent_covered": 100.0, "percent_covered_display": "100", "missing_lines": 0, "excluded_lines": 0}, "missing_lines": [], "excluded_lines": []}, "Cluster.__str__": {"executed_lin
[...]
lay": "100", "missing_lines": 0, "excluded_lines": 0}, "missing_lines": [], "excluded_lines": []}, "_validate_coordinate_args": {"executed_lines": [609, 610, 612, 613, 615], "summary": {"covered_lines": 5, "num_statements": 5, "percent_covered": 100.0, "percent_covered_display": "100", "missing_lines": 0, "excluded_lines": 0}, "missing_lines": [], "excluded_lines": []}, "_handle_deprecated_cli_params": {"executed_lines": [641, 642, 644, 645, 646, 651, 652], "summary": {"covered_lines": 7, "num_statements": 7, "percent_covered": 100.0, "percent_covered_display": "100", "missing_lines": 0, "excluded_lines": 0}, "missing_lines": [], "excluded_lines": []}, "_apply_cli_defaults": {"executed_lines": [672, 673, 676, 677], "summary": {"covered_lines": 4, "num_statements": 4, "percent_covered": 100.0, "percent_covered_display": "100", "missing_lines": 0, "excluded_lines": 0}, "missing_lines": [], "excluded_lines": []}, "_validate_choice_param": {"executed_lines": [712, 713, 716], "summary": {"covered_lines": 3, "num_statements": 3, "percent_covered": 100.0, "percent_covered_display": "100", "missing_lines": 0, "excluded_lines": 0}, "missing_lines": [], "excluded_lines": []}, "_validate_positive_int": {"executed_lines": [747, 748, 751], "summary": {"covered_lines": 3, "num_statements": 3, "percent_covered": 100.0, "percent_covered_display": "100", "missing_lines": 0, "excluded_lines": 0}, "missing_lines": [], "excluded_lines": []}, "": {"executed_lines": [1, 9, 10, 11, 12, 14, 17, 68, 115, 219, 245, 292, 344, 394, 443, 494, 549, 582, 618, 655, 680, 719], "summary": {"covered_lines": 21, "num_statements": 21, "percent_covered": 100.0, "percent_covered_display": "100", "missing_lines": 0, "excluded_lines": 0}, "missing_lines": [], "excluded_lines": []}}, "classes": {"": {"executed_lines": [1, 9, 10, 11, 12, 14, 17, 45, 47, 48, 49, 51, 52, 54, 55, 58, 59, 61, 62, 63, 65, 68, 93, 95, 96, 98, 99, 101, 102, 105, 106, 107, 108, 109, 110, 112, 115, 149, 150, 154, 155, 160, 161, 164, 165, 169, 174, 175, 180, 181, 185, 192, 194, 198, 200, 201, 207, 216, 219, 242, 245, 279, 280, 284, 285, 289, 292, 315, 316, 318, 319, 321, 322, 323, 324, 326, 328, 329, 334, 335, 336, 337, 338, 339, 341, 344, 366, 369, 371, 376, 379, 380, 386, 387, 388, 389, 391, 394, 424, 425, 426, 427, 428, 429, 430, 433, 435, 436, 437, 440, 443, 470, 471, 472, 475, 476, 477, 482, 483, 487, 494, 530, 531, 533, 536, 537, 540, 543, 544, 546, 549, 576, 577, 579, 582, 609, 610, 612, 613, 615, 618, 641, 642, 644, 645, 646, 651, 652, 655, 672, 673, 676, 677, 680, 712, 713, 716, 719, 747, 748, 751], "summary": {"covered_lines": 160, "num_statements": 164, "percent_covered": 97.5609756097561, "percent_covered_display": "98", "missing_lines": 4, "excluded_lines": 0}, "missing_lines": [170, 186, 195, 372], "excluded_lines": []}}}, "cruiseplan/utils/output_formatting.py": {"executed_lines": [1, 9, 10, 11, 12, 14, 17, 41, 44, 45, 46, 47, 49, 54, 55, 58, 60, 63, 87, 88, 90, 91, 93, 94, 95, 97, 98, 99, 101, 103, 106, 131, 132, 134, 135, 137, 138, 140, 143, 168, 169, 172, 173, 174, 175, 177, 180, 181, 182, 183, 185, 187, 190, 212, 213, 214, 215, 217, 218, 220, 221, 222, 224, 227, 252, 253, 255, 256, 257, 259, 261, 262, 264, 267, 283, 284, 286, 287, 289, 290, 291, 292, 294, 295, 298, 299, 300, 301, 302, 303, 307, 310, 330, 332, 333, 335, 336, 337, 338, 339, 341, 342, 344, 347, 365, 367, 368, 369, 370, 372, 375, 393, 394, 396, 397, 405, 432, 433, 434, 435, 437, 440, 462, 465, 503, 505, 506, 508, 509, 511, 513, 516, 555, 556, 566, 568, 569, 570, 574, 577, 600, 601, 604, 644, 645, 648, 651, 653, 654, 658, 659, 662, 664, 667, 697, 698, 701, 703, 704, 707, 710, 711, 714, 715, 716, 718, 726, 758, 760, 769, 770, 771, 772, 774, 777, 820, 866, 911, 944, 945, 948, 950, 952, 953, 955, 958, 1010, 1053], "summary": {"covered_lines": 187, "num_statements": 232, "percent_covered": 80.60344827586206, "percent_covered_display": "81", "missing_lines": 45, "excluded_lines": 0}, "missing_lines": [305, 761, 762, 763, 764, 766, 767, 806, 808, 809, 810, 811, 812, 814, 815, 817, 855, 857, 858, 860, 861, 863, 898, 903, 904, 905, 906, 908, 946, 993, 998, 999, 1001, 1002, 1003, 1005, 1007, 1042, 1047, 1048, 1050, 1082, 1084, 1085, 1087], "excluded_lines": [], "functions": {"_format_timeline_summary": {"executed_lines": [41, 44, 45, 46, 47, 49, 54, 55, 58, 60], "summary": {"covered_lines": 10, "num_statements": 10, "percent_covered": 100.0, "percent_covered_display": "100", "missing_lines": 0, "excluded_lines": 0}, "missing_lines": [], "excluded_lines": []}, "_format_file_list": {"executed_lines": [87, 88, 90, 91, 93, 94, 95, 97, 98, 99, 101, 103], "summary": {"covered_lines": 12, "num_statements": 12, "percent_covered": 100.0, "percent_covered_display": "100", "missing_lines": 0, "excluded_lines": 0}, "missing_lines": [], "excluded_lines": []}, "_format_duration": {"executed_lines": [131, 132, 134, 135, 137, 138, 140], "summary": {"covered_lines": 7, "num_statements": 7, "percent_covered": 100.0, "percent_covered_display": "100", "missing_lines": 0, "excluded_lines": 0}, "missing_lines": [], "excluded_lines": []}, "_format_coordinate_summary": {"executed_lines": [168, 169, 172, 173, 174, 175, 177, 180, 181, 182, 183, 185, 187], "summary": {"covered_lines": 13, "num_statements": 13, "percent_covered": 100.0, "percent_covered_display": "100", "missing_lines": 0, "excluded_lines": 0}, "missing_lines": [], "excluded_lines": []}, "_format_validation_results": {"executed_lines": [212, 213, 214, 215, 217, 218, 220, 221, 222, 224], "summary": {"covered_lines": 10, "num_statements": 10, "percent_covered": 100.0, "percent_covered_display": "100", "missing_lines": 0, "excluded_lines": 0}, "missing_lines": [], "excluded_lines": []}, "_format_progress_bar": {"executed_lines": [252, 253, 255, 256, 257, 259, 261, 262, 264], "summary": {"covered_lines": 9, "num_statements": 9, "percent_covered": 100.0, "percent_covered_display": "100", "missing_lines": 0, "excluded_lines": 0}, "missing_lines": [], "excluded_lines": []}, "_format_size_summary": {"executed_lines": [283, 284, 286, 287, 289, 290, 291, 292, 294, 295, 298, 299, 300, 301, 302, 303, 307], "summary": {"covered_lines": 17, "num_statements": 18, "percent_covered": 94.44444444444444, "percent_covered_display": "94", "missing_lines": 1, "excluded_lines": 0}, "missing_lines": [305], "excluded_lines": []}, "_format_operation_summary": {"executed_lines": [330, 332, 333, 335, 336, 337, 338, 339, 341, 342, 344], "summary": {"covered_lines": 11, "num_statements": 11, "percent_covered": 100.0, "percent_covered_display": "100", "missing_lines": 0, "excluded_lines": 0}, "missing_lines": [], "excluded_lines": []}, "_format_table_row": {"executed_lines": [365, 367, 368, 369, 370, 372], "summary": {"covered_lines": 6, "num_statements": 6, "percent_covered": 100.0, "percent_covered_display": "100", "missing_lines": 0, "excluded_lines": 0}, "missing_lines": [], "excluded_lines": []}, "_format_section_header": {"executed_lines": [393, 394, 396, 397], "summary": {"covered_lines": 4, "num_statements": 4, "percent_covered": 100.0, "percent_covered_display": "100", "missing_lines": 0, "excluded_lines": 0}, "missing_lines": [], "excluded_lines": []}, "_determine_output_basename": {"executed_lines": [432, 433, 434, 435, 437], "summary": {"covered_lines": 5, "num_statements": 5, "percent_covered": 100.0, "percent_covered_display": "100", "missing_lines": 0, "excluded_lines": 0}, "missing_lines": [], "excluded_lines": []}, "_determine_output_directory": {"executed_lines": [462], "summary": {"covered_lines": 1, "num_statements": 1, "percent_covered": 100.0, "percent_covered_display": "100", "missing_lines": 0, "excluded_lines": 0}, "missing_lines": [], "excluded_lines": []}, "_construct_output_path": {"executed_lines": [503, 505, 506, 508, 509, 511, 513], "summary": {"covered_lines": 7, "num_statements": 7, "percent_covered": 100.0, "percent_covered_display": "100", "missing_lines": 0, "excluded_lines": 0}, "missing_lines": [], "excluded_lines": []}, "_generate_multi_format_paths": {"executed_lines": [555, 556, 566, 568, 569, 570, 574], "summary": {"covered_lines": 7, "num_statements": 7, "percent_covered": 100.0, "percent_covered_display": "100", "missing_lines": 0, "excluded_lines": 0}, "missing_lines": [], "excluded_lines": []}, "_validate_output_directory": {"executed_lines": [600, 601], "summary": {"covered_lines": 2, "num_statements": 2, "percent_covered": 100.0, "percent_covered_display": "100", "missing_lines": 0, "excluded_lines": 0}, "missing_lines": [], "excluded_lines": []}, "_standardize_output_setup": {"executed_lines": [644, 645, 648, 651, 653, 654, 658, 659, 662, 664], "summary": {"covered_lines": 10, "num_statements": 10, "percent_covered": 100.0, "percent_covered_display": "100", "missing_lines": 0, "excluded_lines": 0}, "missing_lines": [], "excluded_lines": []}, "_format_output_summary": {"executed_lines": [697, 698, 701, 703, 704, 707, 710, 711, 714, 715, 716, 718], "summary": {"covered_lines": 12, "num_statements": 12, "percent_covered": 100.0, "percent_covered_display": "100", "missing_lines": 0, "excluded_lines": 0}, "missing_lines": [], "excluded_lines": []}, "_format_cli_error": {"executed_lines": [758, 760, 769, 770, 771, 772, 774], "summary": {"covered_lines": 7, "num_statements": 13, "percent_covered": 53.84615384615385, "percent_covered_display": "54", "missing_lines": 6, "excluded_lines": 0}, "missing_lines": [761, 762, 763, 764, 766, 767], "excluded_lines": []}, "_format_cli_warning": {"executed_lines": [], "summary": {"covered_lines": 0, "num_statements": 9, "percent_covered": 0.0, "percent_covered_display": "0", "missing_lines": 9, "excluded_lines": 0}, "missing_lines": [806, 808, 809, 810, 811, 812, 814, 815, 817], "excluded_lines": []}, "_format_validation_error": {"executed_lines": [], "summary": {"covered_lines": 0, "num_statements": 6, "percent_covered": 0.0, "percent_covered_display": "0", "missing_lines": 6, "excluded_lines": 0}, "missing_lines": [855, 857, 858, 860, 861, 863], "excluded_lines": []}, "_format_file_operation_error": {"executed_lines": [], "summary": {"covered_lines": 0, "num_statements": 6, "percent_covered": 0.0, "percent_covered_display": "0", "missing_lines": 6, "excluded_lines": 0}, "missing_lines": [898, 903, 904, 905, 906, 908], "excluded_lines": []}, "_format_configuration_error": {"executed_lines": [944, 945, 948, 950, 952, 953, 955], "summary": {"covered_lines": 7, "num_statements": 8, "percent_covered": 87.5, "percent_covered_display": "88", "missing_lines": 1, "excluded_lines": 0}, "missing_lines": [946], "excluded_lines": []}, "_format_api_error": {"executed_lines": [], "summary": {"covered_lines": 0, "num_statements": 8, "percent_covered": 0.0, "percent_covered_display": "0", "missing_lines": 8, "excluded_lines": 0}, "missing_lines": [993, 998, 999, 1001, 1002, 1003, 1005, 1007], "excluded_lines": []}, "_format_processing_error": {"executed_lines": [], "summary": {"covered_lines": 0, "num_statements": 4, "percent_covered": 0.0, "percent_covered_display": "0", "missing_lines": 4, "excluded_lines": 0}, "missing_lines": [1042, 1047, 1048, 1050], "excluded_lines": []}, "_format_dependency_error": {"executed_lines": [], "summary": {"covered_lines": 0, "num_statements": 4, "percent_covered": 0.0, "percent_covered_display": "0", "missing_lines": 4, "excluded_lines": 0}, "missing_lines": [1082, 1084, 1085, 1087], "excluded_lines": []}, "": {"executed_lines": [1, 9, 10, 11, 12, 14, 17, 63, 106, 143, 190, 227, 267, 310, 347, 375, 405, 440, 465, 516, 577, 604, 667, 726, 777, 820, 866, 911, 958, 1010, 1053], "summary": {"covered_lines": 30, "num_statements": 30, "percent_covered": 100.0, "percent_covered_display": "100", "missing_lines": 0, "excluded_lines": 0}, "missing_lines": [], "excluded_lines": []}}, "classes": {"": {"executed_lines": [1, 9, 10, 11, 12, 14, 17, 41, 44, 45, 46, 47, 49, 54, 55, 58, 60, 63, 87, 88, 90, 91, 93, 94, 95, 97, 98, 99, 101, 103, 106, 131, 132, 134, 135, 137, 138, 140, 143, 168, 169, 172, 173, 174, 175, 177, 180, 181, 182, 183, 185, 187, 190, 212, 213, 214, 215, 217, 218, 220, 221, 222, 224, 227, 252, 253, 255, 256, 257, 259, 261, 262, 264, 267, 283, 284, 286, 287, 289, 290, 291, 292, 294, 295, 298, 299, 300, 301, 302, 303, 307, 310, 330, 332, 333, 335, 336, 337, 338, 339, 341, 342, 344, 347, 365, 367, 368, 369, 370, 372, 375, 393, 394, 396, 397, 405, 432, 433, 434, 435, 437, 440, 462, 465, 503, 505, 506, 508, 509, 511, 513, 516, 555, 556, 566, 568, 569, 570, 574, 577, 600, 601, 604, 644, 645, 648, 651, 653, 654, 658, 659, 662, 664, 667, 697, 698, 701, 703, 704, 707, 710, 711, 714, 715, 716, 718, 726, 758, 760, 769, 770, 771, 772, 774, 777, 820, 866, 911, 944, 945, 948, 950, 952, 953, 955, 958, 1010, 1053], "summary": {"covered_lines": 187, "num_statements": 232, "percent_covered": 80.60344827586206, "percent_covered_display": "81", "missing_lines": 45, "excluded_lines": 0}, "missing_lines": [305, 761, 762, 763, 764, 766, 767, 806, 808, 809, 810, 811, 812, 814, 815, 817, 855, 857, 858, 860, 861, 863, 898, 903, 904, 905, 906, 908, 946, 993, 998, 999, 1001, 1002, 1003, 1005, 1007, 1042, 1047, 1048, 1050, 1082, 1084, 1085, 1087], "excluded_lines": []}}}, "cruiseplan/utils/plot_config.py": {"executed_lines": [1, 10, 12, 13, 14, 21, 35, 51, 52, 56, 57, 60, 64, 67, 80, 85, 88, 103, 105, 106, 107, 110, 111, 114, 115, 116, 117, 118, 119, 120, 121, 123, 127, 129, 131, 135, 136, 139, 145, 164, 165, 166, 168, 176, 283, 304, 305, 306, 309, 311, 315, 318, 327, 328, 329, 330, 332, 340, 361], "summary": {"covered_lines": 58, "num_statements": 60, "percent_covered": 96.66666666666667, "percent_covered_display": "97", "missing_lines": 2, "excluded_lines": 0}, "missing_lines": [310, 312], "excluded_lines": [], "functions": {"create_bathymetry_colormap": {"executed_lines": [35, 51, 52, 56, 57, 60, 64], "summary": {"covered_lines": 7, "num_statements": 7, "percent_covered": 100.0, "percent_covered_display": "100", "missing_lines": 0, "excluded_lines": 0}, "missing_lines": [], "excluded_lines": []}, "create_bathymetry_colormap_v2": {"executed_lines": [80, 85, 88, 103, 105, 106, 107, 110, 111, 114, 115, 116, 117, 118, 119, 120, 121, 123, 127, 129, 131], "summary": {"covered_lines": 21, "num_statements": 21, "percent_covered": 100.0, "percent_covered_display": "100", "missing_lines": 0, "excluded_lines": 0}, "missing_lines": [], "excluded_lines": []}, "get_colormap": {"executed_lines": [164, 165, 166, 168], "summary": {"covered_lines": 4, "num_statements": 4, "percent_covered": 100.0, "percent_covered_display": "100", "missing_lines": 0, "excluded_lines": 0}, "missing_lines": [], "excluded_lines": []}, "get_plot_style": {"executed_lines": [304, 305, 306, 309, 311, 315], "summary": {"covered_lines": 6, "num_statements": 8, "percent_covered": 75.0, "percent_covered_display": "75", "missing_lines": 2, "excluded_lines": 0}, "missing_lines": [310, 312], "excluded_lines": []}, "get_legend_entries": {"executed_lines": [327, 328, 329, 330, 332], "summary": {"covered_lines": 5, "num_statements": 5, "percent_covered": 100.0, "percent_covered_display": "100", "missing_lines": 0, "excluded_lines": 0}, "missing_lines": [], "excluded_lines": []}, "load_cpt_colormap": {"executed_lines": [361], "summary": {"covered_lines": 1, "num_statements": 1, "percent_covered": 100.0, "percent_covered_display": "100", "missing_lines": 0, "excluded_lines": 0}, "missing_lines": [], "excluded_lines": []}, "": {"executed_lines": [1, 10, 12, 13, 14, 21, 67, 135, 136, 139, 145, 176, 283, 318, 340], "summary": {"covered_lines": 14, "num_statements": 14, "percent_covered": 100.0, "percent_covered_display": "100", "missing_lines": 0, "excluded_lines": 0}, "missing_lines": [], "excluded_lines": []}}, "classes": {"": {"executed_lines": [1, 10, 12, 13, 14, 21, 35, 51, 52, 56, 57, 60, 64, 67, 80, 85, 88, 103, 105, 106, 107, 110, 111, 114, 115, 116, 117, 118, 119, 120, 121, 123, 127, 129, 131, 135, 136, 139, 145, 164, 165, 166, 168, 176, 283, 304, 305, 306, 309, 311, 315, 318, 327, 328, 329, 330, 332, 340, 361], "summary": {"covered_lines": 58, "num_statements": 60, "percent_covered": 96.66666666666667, "percent_covered_display": "97", "missing_lines": 2, "excluded_lines": 0}, "missing_lines": [310, 312], "excluded_lines": []}}}, "cruiseplan/utils/yaml_io.py": {"executed_lines": [1, 9, 10, 11, 13, 14, 16, 19, 20, 22, 25, 37, 38, 39, 40, 41, 44, 45, 46, 47, 50, 66, 68, 69, 71, 74, 75, 76, 77, 79, 80, 82, 84, 85, 86, 87, 90, 117, 136, 138, 140, 141, 142, 145, 148, 151, 152, 153, 155, 161, 172, 173, 174, 175, 176, 180, 199, 201, 203, 204, 205, 206, 214, 216, 217], "summary": {"covered_lines": 63, "num_statements": 80, "percent_covered": 78.75, "percent_covered_display": "79", "missing_lines": 17, "excluded_lines": 0}, "missing_lines": [72, 105, 106, 109, 110, 111, 112, 113, 114, 157, 158, 177, 207, 209, 210, 212, 215], "excluded_lines": [], "functions": {"_get_yaml_processor": {"executed_lines": [37, 38, 39, 40, 41, 44, 45, 46, 47], "summary": {"covered_lines": 9, "num_statements": 9, "percent_covered": 100.0, "percent_covered_display": "100", "missing_lines": 0, "excluded_lines": 0}, "missing_lines": [], "excluded_lines": []}, "load_yaml": {"executed_lines": [66, 68, 69, 71, 74, 75, 76, 77, 79, 80, 82, 84, 85, 86, 87], "summary": {"covered_lines": 15, "num_statements": 16, "percent_covered": 93.75, "percent_covered_display": "94", "missing_lines": 1, "excluded_lines": 0}, "missing_lines": [72], "excluded_lines": []}, "dump_yaml_simple": {"executed_lines": [], "summary": {"covered_lines": 0, "num_statements": 8, "percent_covered": 0.0, "percent_covered_display": "0", "missing_lines": 8, "excluded_lines": 0}, "missing_lines": [105, 106, 109, 110, 111, 112, 113, 114], "excluded_lines": []}, "save_yaml": {"executed_lines": [136, 138, 140, 141, 142, 145, 148, 151, 152, 153, 155], "summary": {"covered_lines": 11, "num_statements": 13, "percent_covered": 84.61538461538461, "percent_covered_display": "85", "missing_lines": 2, "excluded_lines": 0}, "missing_lines": [157, 158], "excluded_lines": []}, "_get_incremental_backup_path": {"executed_lines": [172, 173, 174, 175, 176], "summary": {"covered_lines": 5, "num_statements": 6, "percent_covered": 83.33333333333333, "percent_covered_display": "83", "missing_lines": 1, "excluded_lines": 0}, "missing_lines": [177], "excluded_lines": []}, "load_yaml_safe": {"executed_lines": [199, 201, 203, 204, 205, 206, 214, 216, 217], "summary": {"covered_lines": 9, "num_statements": 14, "percent_covered": 64.28571428571429, "percent_covered_display": "64", "missing_lines": 5, "excluded_lines": 0}, "missing_lines": [207, 209, 210, 212, 215], "excluded_lines": []}, "": {"executed_lines": [1, 9, 10, 11, 13, 14, 16, 19, 20, 22, 25, 50, 90, 117, 161, 180], "summary": {"covered_lines": 14, "num_statements": 14, "percent_covered": 100.0, "percent_covered_display": "100", "missing_lines": 0, "excluded_lines": 0}, "missing_lines": [], "excluded_lines": []}}, "classes": {"YAMLIOError": {"executed_lines": [], "summary": {"covered_lines": 0, "num_statements": 0, "percent_covered": 100.0, "percent_covered_display": "100", "missing_lines": 0, "excluded_lines": 0}, "missing_lines": [], "excluded_lines": []}, "": {"executed_lines": [1, 9, 10, 11, 13, 14, 16, 19, 20, 22, 25, 37, 38, 39, 40, 41, 44, 45, 46, 47, 50, 66, 68, 69, 71, 74, 75, 76, 77, 79, 80, 82, 84, 85, 86, 87, 90, 117, 136, 138, 140, 141, 142, 145, 148, 151, 152, 153, 155, 161, 172, 173, 174, 175, 176, 180, 199, 201, 203, 204, 205, 206, 214, 216, 217], "summary": {"covered_lines": 63, "num_statements": 80, "percent_covered": 78.75, "percent_covered_display": "79", "missing_lines": 17, "excluded_lines": 0}, "missing_lines": [72, 105, 106, 109, 110, 111, 112, 113, 114, 157, 158, 177, 207, 209, 210, 212, 215], "excluded_lines": []}}}}, "totals": {"covered_lines": 6070, "num_statements": 7635, "percent_covered": 79.50229207596594, "percent_covered_display": "80", "missing_lines": 1565, "excluded_lines": 0}}