{
 "cells": [
  {
   "cell_type": "markdown",
   "id": "c6a29764-f39c-431c-8e77-fbc6bfe20f01",
   "metadata": {},
   "source": [
    "# Check netCDF files"
   ]
  },
  {
   "cell_type": "code",
   "execution_count": 1,
   "id": "6a1920f3",
   "metadata": {
    "execution": {
     "iopub.execute_input": "2025-12-17T07:30:26.512873Z",
     "iopub.status.busy": "2025-12-17T07:30:26.512708Z",
     "iopub.status.idle": "2025-12-17T07:30:26.854132Z",
     "shell.execute_reply": "2025-12-17T07:30:26.853432Z"
    }
   },
   "outputs": [
    {
     "name": "stdout",
     "output_type": "stream",
     "text": [
      "Checking for NetCDF output files...\n",
      "Looking in directory: /home/runner/work/cruiseplan/cruiseplan/notebooks/../tests_output/netcdf/all_fixtures\n",
      "Directory exists: False\n",
      "\n",
      "Checking for cruise_mixed_ops: ../tests_output/netcdf/all_fixtures/cruise_mixed_ops/Mixed_Operations_Test_2028_schedule.nc\n",
      "✗ File not found: ../tests_output/netcdf/all_fixtures/cruise_mixed_ops/Mixed_Operations_Test_2028_schedule.nc\n",
      "  (This is expected in documentation builds - run tests to generate output files)\n",
      "\n",
      "Note: NetCDF output files are generated during testing.\n",
      "Run 'pytest' to generate sample output files for exploration.\n"
     ]
    }
   ],
   "source": [
    "from pathlib import Path\n",
    "\n",
    "import xarray as xr\n",
    "\n",
    "test_dir = Path('../tests_output/netcdf/all_fixtures')\n",
    "\n",
    "dir_prefix = {'cruise_mixed_ops': 'Mixed_Operations_Test_2028',\n",
    "              #'cruise_multi_leg': 'Multi_Leg_Expedition_2028',\n",
    "\n",
    "              #'cruise_simple': 'Simple_Test_Cruise_2028'\n",
    "              }\n",
    "\n",
    "print(\"Checking for NetCDF output files...\")\n",
    "print(f\"Looking in directory: {test_dir.absolute()}\")\n",
    "print(f\"Directory exists: {test_dir.exists()}\")\n",
    "print()\n",
    "\n",
    "for sd, prefix in dir_prefix.items():\n",
    "    nc_file = test_dir / sd / f'{prefix}_schedule.nc'\n",
    "    print(f\"Checking for {sd}: {nc_file}\")\n",
    "\n",
    "    if nc_file.exists():\n",
    "        try:\n",
    "            ds = xr.open_dataset(nc_file)\n",
    "            cruise_name = ds.attrs.get('cruise_name', 'Unknown Cruise')\n",
    "            print(f\"✓ Found cruise: {cruise_name}\")\n",
    "            print(f\"  Dataset shape: {ds.dims}\")\n",
    "            print(f\"  Variables: {list(ds.data_vars.keys())}\")\n",
    "        except Exception as e:\n",
    "            print(f\"✗ Error opening {nc_file}: {e}\")\n",
    "    else:\n",
    "        print(f\"✗ File not found: {nc_file}\")\n",
    "        print(\"  (This is expected in documentation builds - run tests to generate output files)\")\n",
    "\n",
    "    print()\n",
    "\n",
    "print(\"Note: NetCDF output files are generated during testing.\")\n",
    "print(\"Run 'pytest' to generate sample output files for exploration.\")"
   ]
  },
  {
   "cell_type": "code",
   "execution_count": 2,
   "id": "6e038dcb",
   "metadata": {
    "execution": {
     "iopub.execute_input": "2025-12-17T07:30:26.855857Z",
     "iopub.status.busy": "2025-12-17T07:30:26.855607Z",
     "iopub.status.idle": "2025-12-17T07:30:26.858602Z",
     "shell.execute_reply": "2025-12-17T07:30:26.857973Z"
    }
   },
   "outputs": [
    {
     "name": "stdout",
     "output_type": "stream",
     "text": [
      "No dataset loaded - run tests to generate sample NetCDF files\n"
     ]
    }
   ],
   "source": [
    "# Display dataset if it was loaded\n",
    "try:\n",
    "    ds\n",
    "except NameError:\n",
    "    print(\"No dataset loaded - run tests to generate sample NetCDF files\")\n",
    "else:\n",
    "    ds"
   ]
  },
  {
   "cell_type": "code",
   "execution_count": 3,
   "id": "432da19f",
   "metadata": {
    "execution": {
     "iopub.execute_input": "2025-12-17T07:30:26.860340Z",
     "iopub.status.busy": "2025-12-17T07:30:26.860190Z",
     "iopub.status.idle": "2025-12-17T07:30:26.863075Z",
     "shell.execute_reply": "2025-12-17T07:30:26.862360Z"
    }
   },
   "outputs": [
    {
     "name": "stdout",
     "output_type": "stream",
     "text": [
      "No dataset loaded - run tests to generate sample NetCDF files\n"
     ]
    }
   ],
   "source": [
    "# Display leg assignments if dataset was loaded\n",
    "try:\n",
    "    ds.leg_assignment.values\n",
    "except NameError:\n",
    "    print(\"No dataset loaded - run tests to generate sample NetCDF files\")"
   ]
  },
  {
   "cell_type": "code",
   "execution_count": 4,
   "id": "d2f3086a",
   "metadata": {
    "execution": {
     "iopub.execute_input": "2025-12-17T07:30:26.864487Z",
     "iopub.status.busy": "2025-12-17T07:30:26.864321Z",
     "iopub.status.idle": "2025-12-17T07:30:26.866800Z",
     "shell.execute_reply": "2025-12-17T07:30:26.866234Z"
    }
   },
   "outputs": [],
   "source": [
    "test_dir = Path('../tests_output')\n",
    "\n",
    "subdir = 'pangaea'\n",
    "fname = 'pangaea_list_NAtl_pangaea_data.pkl'"
   ]
  },
  {
   "cell_type": "code",
   "execution_count": 5,
   "id": "2285d2b2",
   "metadata": {
    "execution": {
     "iopub.execute_input": "2025-12-17T07:30:26.868429Z",
     "iopub.status.busy": "2025-12-17T07:30:26.868277Z",
     "iopub.status.idle": "2025-12-17T07:30:27.090601Z",
     "shell.execute_reply": "2025-12-17T07:30:27.089826Z"
    }
   },
   "outputs": [
    {
     "ename": "FileNotFoundError",
     "evalue": "[Errno 2] No such file or directory: '../tests_output/pangaea/pangaea_list_NAtl_pangaea_data.pkl'",
     "output_type": "error",
     "traceback": [
      "\u001b[31m---------------------------------------------------------------------------\u001b[39m",
      "\u001b[31mFileNotFoundError\u001b[39m                         Traceback (most recent call last)",
      "\u001b[36mCell\u001b[39m\u001b[36m \u001b[39m\u001b[32mIn[5]\u001b[39m\u001b[32m, line 3\u001b[39m\n\u001b[32m      1\u001b[39m \u001b[38;5;28;01mimport\u001b[39;00m\u001b[38;5;250m \u001b[39m\u001b[34;01mpickle\u001b[39;00m\n\u001b[32m----> \u001b[39m\u001b[32m3\u001b[39m \u001b[38;5;28;01mwith\u001b[39;00m \u001b[38;5;28;43mopen\u001b[39;49m\u001b[43m(\u001b[49m\u001b[43mtest_dir\u001b[49m\u001b[43m \u001b[49m\u001b[43m/\u001b[49m\u001b[43m \u001b[49m\u001b[43msubdir\u001b[49m\u001b[43m \u001b[49m\u001b[43m/\u001b[49m\u001b[43m \u001b[49m\u001b[43mfname\u001b[49m\u001b[43m,\u001b[49m\u001b[43m \u001b[49m\u001b[33;43m'\u001b[39;49m\u001b[33;43mrb\u001b[39;49m\u001b[33;43m'\u001b[39;49m\u001b[43m)\u001b[49m \u001b[38;5;28;01mas\u001b[39;00m f:\n\u001b[32m      4\u001b[39m     pangaea_data = pickle.load(f)\n\u001b[32m      7\u001b[39m \u001b[38;5;28;01mfor\u001b[39;00m i, entry \u001b[38;5;129;01min\u001b[39;00m \u001b[38;5;28menumerate\u001b[39m(pangaea_data):\n",
      "\u001b[36mFile \u001b[39m\u001b[32m~/micromamba/envs/cruiseplan/lib/python3.13/site-packages/IPython/core/interactiveshell.py:344\u001b[39m, in \u001b[36m_modified_open\u001b[39m\u001b[34m(file, *args, **kwargs)\u001b[39m\n\u001b[32m    337\u001b[39m \u001b[38;5;28;01mif\u001b[39;00m file \u001b[38;5;129;01min\u001b[39;00m {\u001b[32m0\u001b[39m, \u001b[32m1\u001b[39m, \u001b[32m2\u001b[39m}:\n\u001b[32m    338\u001b[39m     \u001b[38;5;28;01mraise\u001b[39;00m \u001b[38;5;167;01mValueError\u001b[39;00m(\n\u001b[32m    339\u001b[39m         \u001b[33mf\u001b[39m\u001b[33m\"\u001b[39m\u001b[33mIPython won\u001b[39m\u001b[33m'\u001b[39m\u001b[33mt let you open fd=\u001b[39m\u001b[38;5;132;01m{\u001b[39;00mfile\u001b[38;5;132;01m}\u001b[39;00m\u001b[33m by default \u001b[39m\u001b[33m\"\u001b[39m\n\u001b[32m    340\u001b[39m         \u001b[33m\"\u001b[39m\u001b[33mas it is likely to crash IPython. If you know what you are doing, \u001b[39m\u001b[33m\"\u001b[39m\n\u001b[32m    341\u001b[39m         \u001b[33m\"\u001b[39m\u001b[33myou can use builtins\u001b[39m\u001b[33m'\u001b[39m\u001b[33m open.\u001b[39m\u001b[33m\"\u001b[39m\n\u001b[32m    342\u001b[39m     )\n\u001b[32m--> \u001b[39m\u001b[32m344\u001b[39m \u001b[38;5;28;01mreturn\u001b[39;00m \u001b[43mio_open\u001b[49m\u001b[43m(\u001b[49m\u001b[43mfile\u001b[49m\u001b[43m,\u001b[49m\u001b[43m \u001b[49m\u001b[43m*\u001b[49m\u001b[43margs\u001b[49m\u001b[43m,\u001b[49m\u001b[43m \u001b[49m\u001b[43m*\u001b[49m\u001b[43m*\u001b[49m\u001b[43mkwargs\u001b[49m\u001b[43m)\u001b[49m\n",
      "\u001b[31mFileNotFoundError\u001b[39m: [Errno 2] No such file or directory: '../tests_output/pangaea/pangaea_list_NAtl_pangaea_data.pkl'"
     ]
    }
   ],
   "source": [
    "import pickle\n",
    "\n",
    "with open(test_dir / subdir / fname, 'rb') as f:\n",
    "    pangaea_data = pickle.load(f)\n",
    "\n",
    "\n",
    "for i, entry in enumerate(pangaea_data):\n",
    "    lat_vec = entry['latitude']\n",
    "    lbl = entry['label']\n",
    "    print(f\"  {i+1:2d}. {lbl:<20}: {len(lat_vec):3d} stations\")"
   ]
  },
  {
   "cell_type": "code",
   "execution_count": 6,
   "id": "ca204e72",
   "metadata": {
    "execution": {
     "iopub.execute_input": "2025-12-17T07:30:27.092174Z",
     "iopub.status.busy": "2025-12-17T07:30:27.092016Z",
     "iopub.status.idle": "2025-12-17T07:30:27.096557Z",
     "shell.execute_reply": "2025-12-17T07:30:27.095747Z"
    }
   },
   "outputs": [
    {
     "name": "stdout",
     "output_type": "stream",
     "text": [
      "-----\n"
     ]
    }
   ],
   "source": [
    "from pathlib import Path\n",
    "\n",
    "import xarray as xr\n",
    "\n",
    "nc_dir = Path('../data/bathymetry')\n",
    "nc_files = list(nc_dir.glob('*.nc'))\n",
    "print(\"-----\")\n",
    "for nc_path in nc_files:\n",
    "    print(f\"\\nFile: {nc_path.name}\")\n",
    "    try:\n",
    "        # Open with xarray in lazy mode (no data loaded)\n",
    "        with xr.open_dataset(nc_path, decode_cf=False, chunks={}) as ds_lazy:\n",
    "            print(\"  Variables and shapes:\")\n",
    "            for var in ds_lazy.variables:\n",
    "                shape = ds_lazy[var].shape\n",
    "                dtype = ds_lazy[var].dtype\n",
    "                print(f\"    {var:20s} shape={shape}, dtype={dtype}\")\n",
    "    except Exception as e:\n",
    "        print(f\"  Error reading {nc_path.name}: {e}\")"
   ]
  },
  {
   "cell_type": "code",
   "execution_count": 7,
   "id": "53beabc8",
   "metadata": {
    "execution": {
     "iopub.execute_input": "2025-12-17T07:30:27.097958Z",
     "iopub.status.busy": "2025-12-17T07:30:27.097779Z",
     "iopub.status.idle": "2025-12-17T07:30:27.102820Z",
     "shell.execute_reply": "2025-12-17T07:30:27.102155Z"
    }
   },
   "outputs": [
    {
     "data": {
      "text/plain": [
       "PosixPath('../data/bathymetry')"
      ]
     },
     "execution_count": 7,
     "metadata": {},
     "output_type": "execute_result"
    }
   ],
   "source": [
    "nc_dir"
   ]
  },
  {
   "cell_type": "code",
   "execution_count": 8,
   "id": "d517ba5c",
   "metadata": {
    "execution": {
     "iopub.execute_input": "2025-12-17T07:30:27.104323Z",
     "iopub.status.busy": "2025-12-17T07:30:27.104173Z",
     "iopub.status.idle": "2025-12-17T07:30:27.323242Z",
     "shell.execute_reply": "2025-12-17T07:30:27.322432Z"
    }
   },
   "outputs": [
    {
     "ename": "FileNotFoundError",
     "evalue": "[Errno 2] No such file or directory: '/home/runner/work/cruiseplan/cruiseplan/tests_output/coldsnap/SPP2025-Subpolar-2028_schedule.nc'",
     "output_type": "error",
     "traceback": [
      "\u001b[31m---------------------------------------------------------------------------\u001b[39m",
      "\u001b[31mKeyError\u001b[39m                                  Traceback (most recent call last)",
      "\u001b[36mFile \u001b[39m\u001b[32m~/micromamba/envs/cruiseplan/lib/python3.13/site-packages/xarray/backends/file_manager.py:219\u001b[39m, in \u001b[36mCachingFileManager._acquire_with_cache_info\u001b[39m\u001b[34m(self, needs_lock)\u001b[39m\n\u001b[32m    218\u001b[39m \u001b[38;5;28;01mtry\u001b[39;00m:\n\u001b[32m--> \u001b[39m\u001b[32m219\u001b[39m     file = \u001b[38;5;28;43mself\u001b[39;49m\u001b[43m.\u001b[49m\u001b[43m_cache\u001b[49m\u001b[43m[\u001b[49m\u001b[38;5;28;43mself\u001b[39;49m\u001b[43m.\u001b[49m\u001b[43m_key\u001b[49m\u001b[43m]\u001b[49m\n\u001b[32m    220\u001b[39m \u001b[38;5;28;01mexcept\u001b[39;00m \u001b[38;5;167;01mKeyError\u001b[39;00m:\n",
      "\u001b[36mFile \u001b[39m\u001b[32m~/micromamba/envs/cruiseplan/lib/python3.13/site-packages/xarray/backends/lru_cache.py:56\u001b[39m, in \u001b[36mLRUCache.__getitem__\u001b[39m\u001b[34m(self, key)\u001b[39m\n\u001b[32m     55\u001b[39m \u001b[38;5;28;01mwith\u001b[39;00m \u001b[38;5;28mself\u001b[39m._lock:\n\u001b[32m---> \u001b[39m\u001b[32m56\u001b[39m     value = \u001b[38;5;28;43mself\u001b[39;49m\u001b[43m.\u001b[49m\u001b[43m_cache\u001b[49m\u001b[43m[\u001b[49m\u001b[43mkey\u001b[49m\u001b[43m]\u001b[49m\n\u001b[32m     57\u001b[39m     \u001b[38;5;28mself\u001b[39m._cache.move_to_end(key)\n",
      "\u001b[31mKeyError\u001b[39m: [<class 'netCDF4._netCDF4.Dataset'>, ('/home/runner/work/cruiseplan/cruiseplan/tests_output/coldsnap/SPP2025-Subpolar-2028_schedule.nc',), 'r', (('clobber', True), ('diskless', False), ('format', 'NETCDF4'), ('persist', False)), 'bc2831b5-f2c1-4213-b015-7e76b5048f56']",
      "\nDuring handling of the above exception, another exception occurred:\n",
      "\u001b[31mFileNotFoundError\u001b[39m                         Traceback (most recent call last)",
      "\u001b[36mCell\u001b[39m\u001b[36m \u001b[39m\u001b[32mIn[8]\u001b[39m\u001b[32m, line 2\u001b[39m\n\u001b[32m      1\u001b[39m indir = \u001b[33m'\u001b[39m\u001b[33m../tests_output/coldsnap/SPP2025-Subpolar-2028_schedule.nc\u001b[39m\u001b[33m'\u001b[39m\n\u001b[32m----> \u001b[39m\u001b[32m2\u001b[39m ds = \u001b[43mxr\u001b[49m\u001b[43m.\u001b[49m\u001b[43mopen_dataset\u001b[49m\u001b[43m(\u001b[49m\u001b[43mindir\u001b[49m\u001b[43m)\u001b[49m\n\u001b[32m      3\u001b[39m ds\n",
      "\u001b[36mFile \u001b[39m\u001b[32m~/micromamba/envs/cruiseplan/lib/python3.13/site-packages/xarray/backends/api.py:606\u001b[39m, in \u001b[36mopen_dataset\u001b[39m\u001b[34m(filename_or_obj, engine, chunks, cache, decode_cf, mask_and_scale, decode_times, decode_timedelta, use_cftime, concat_characters, decode_coords, drop_variables, create_default_indexes, inline_array, chunked_array_type, from_array_kwargs, backend_kwargs, **kwargs)\u001b[39m\n\u001b[32m    594\u001b[39m decoders = _resolve_decoders_kwargs(\n\u001b[32m    595\u001b[39m     decode_cf,\n\u001b[32m    596\u001b[39m     open_backend_dataset_parameters=backend.open_dataset_parameters,\n\u001b[32m   (...)\u001b[39m\u001b[32m    602\u001b[39m     decode_coords=decode_coords,\n\u001b[32m    603\u001b[39m )\n\u001b[32m    605\u001b[39m overwrite_encoded_chunks = kwargs.pop(\u001b[33m\"\u001b[39m\u001b[33moverwrite_encoded_chunks\u001b[39m\u001b[33m\"\u001b[39m, \u001b[38;5;28;01mNone\u001b[39;00m)\n\u001b[32m--> \u001b[39m\u001b[32m606\u001b[39m backend_ds = \u001b[43mbackend\u001b[49m\u001b[43m.\u001b[49m\u001b[43mopen_dataset\u001b[49m\u001b[43m(\u001b[49m\n\u001b[32m    607\u001b[39m \u001b[43m    \u001b[49m\u001b[43mfilename_or_obj\u001b[49m\u001b[43m,\u001b[49m\n\u001b[32m    608\u001b[39m \u001b[43m    \u001b[49m\u001b[43mdrop_variables\u001b[49m\u001b[43m=\u001b[49m\u001b[43mdrop_variables\u001b[49m\u001b[43m,\u001b[49m\n\u001b[32m    609\u001b[39m \u001b[43m    \u001b[49m\u001b[43m*\u001b[49m\u001b[43m*\u001b[49m\u001b[43mdecoders\u001b[49m\u001b[43m,\u001b[49m\n\u001b[32m    610\u001b[39m \u001b[43m    \u001b[49m\u001b[43m*\u001b[49m\u001b[43m*\u001b[49m\u001b[43mkwargs\u001b[49m\u001b[43m,\u001b[49m\n\u001b[32m    611\u001b[39m \u001b[43m\u001b[49m\u001b[43m)\u001b[49m\n\u001b[32m    612\u001b[39m ds = _dataset_from_backend_dataset(\n\u001b[32m    613\u001b[39m     backend_ds,\n\u001b[32m    614\u001b[39m     filename_or_obj,\n\u001b[32m   (...)\u001b[39m\u001b[32m    625\u001b[39m     **kwargs,\n\u001b[32m    626\u001b[39m )\n\u001b[32m    627\u001b[39m \u001b[38;5;28;01mreturn\u001b[39;00m ds\n",
      "\u001b[36mFile \u001b[39m\u001b[32m~/micromamba/envs/cruiseplan/lib/python3.13/site-packages/xarray/backends/netCDF4_.py:767\u001b[39m, in \u001b[36mNetCDF4BackendEntrypoint.open_dataset\u001b[39m\u001b[34m(self, filename_or_obj, mask_and_scale, decode_times, concat_characters, decode_coords, drop_variables, use_cftime, decode_timedelta, group, mode, format, clobber, diskless, persist, auto_complex, lock, autoclose)\u001b[39m\n\u001b[32m    745\u001b[39m \u001b[38;5;28;01mdef\u001b[39;00m\u001b[38;5;250m \u001b[39m\u001b[34mopen_dataset\u001b[39m(\n\u001b[32m    746\u001b[39m     \u001b[38;5;28mself\u001b[39m,\n\u001b[32m    747\u001b[39m     filename_or_obj: T_PathFileOrDataStore,\n\u001b[32m   (...)\u001b[39m\u001b[32m    764\u001b[39m     autoclose=\u001b[38;5;28;01mFalse\u001b[39;00m,\n\u001b[32m    765\u001b[39m ) -> Dataset:\n\u001b[32m    766\u001b[39m     filename_or_obj = _normalize_path(filename_or_obj)\n\u001b[32m--> \u001b[39m\u001b[32m767\u001b[39m     store = \u001b[43mNetCDF4DataStore\u001b[49m\u001b[43m.\u001b[49m\u001b[43mopen\u001b[49m\u001b[43m(\u001b[49m\n\u001b[32m    768\u001b[39m \u001b[43m        \u001b[49m\u001b[43mfilename_or_obj\u001b[49m\u001b[43m,\u001b[49m\n\u001b[32m    769\u001b[39m \u001b[43m        \u001b[49m\u001b[43mmode\u001b[49m\u001b[43m=\u001b[49m\u001b[43mmode\u001b[49m\u001b[43m,\u001b[49m\n\u001b[32m    770\u001b[39m \u001b[43m        \u001b[49m\u001b[38;5;28;43mformat\u001b[39;49m\u001b[43m=\u001b[49m\u001b[38;5;28;43mformat\u001b[39;49m\u001b[43m,\u001b[49m\n\u001b[32m    771\u001b[39m \u001b[43m        \u001b[49m\u001b[43mgroup\u001b[49m\u001b[43m=\u001b[49m\u001b[43mgroup\u001b[49m\u001b[43m,\u001b[49m\n\u001b[32m    772\u001b[39m \u001b[43m        \u001b[49m\u001b[43mclobber\u001b[49m\u001b[43m=\u001b[49m\u001b[43mclobber\u001b[49m\u001b[43m,\u001b[49m\n\u001b[32m    773\u001b[39m \u001b[43m        \u001b[49m\u001b[43mdiskless\u001b[49m\u001b[43m=\u001b[49m\u001b[43mdiskless\u001b[49m\u001b[43m,\u001b[49m\n\u001b[32m    774\u001b[39m \u001b[43m        \u001b[49m\u001b[43mpersist\u001b[49m\u001b[43m=\u001b[49m\u001b[43mpersist\u001b[49m\u001b[43m,\u001b[49m\n\u001b[32m    775\u001b[39m \u001b[43m        \u001b[49m\u001b[43mauto_complex\u001b[49m\u001b[43m=\u001b[49m\u001b[43mauto_complex\u001b[49m\u001b[43m,\u001b[49m\n\u001b[32m    776\u001b[39m \u001b[43m        \u001b[49m\u001b[43mlock\u001b[49m\u001b[43m=\u001b[49m\u001b[43mlock\u001b[49m\u001b[43m,\u001b[49m\n\u001b[32m    777\u001b[39m \u001b[43m        \u001b[49m\u001b[43mautoclose\u001b[49m\u001b[43m=\u001b[49m\u001b[43mautoclose\u001b[49m\u001b[43m,\u001b[49m\n\u001b[32m    778\u001b[39m \u001b[43m    \u001b[49m\u001b[43m)\u001b[49m\n\u001b[32m    780\u001b[39m     store_entrypoint = StoreBackendEntrypoint()\n\u001b[32m    781\u001b[39m     \u001b[38;5;28;01mwith\u001b[39;00m close_on_error(store):\n",
      "\u001b[36mFile \u001b[39m\u001b[32m~/micromamba/envs/cruiseplan/lib/python3.13/site-packages/xarray/backends/netCDF4_.py:525\u001b[39m, in \u001b[36mNetCDF4DataStore.open\u001b[39m\u001b[34m(cls, filename, mode, format, group, clobber, diskless, persist, auto_complex, lock, lock_maker, autoclose)\u001b[39m\n\u001b[32m    521\u001b[39m \u001b[38;5;28;01melse\u001b[39;00m:\n\u001b[32m    522\u001b[39m     manager = CachingFileManager(\n\u001b[32m    523\u001b[39m         netCDF4.Dataset, filename, mode=mode, kwargs=kwargs\n\u001b[32m    524\u001b[39m     )\n\u001b[32m--> \u001b[39m\u001b[32m525\u001b[39m \u001b[38;5;28;01mreturn\u001b[39;00m \u001b[38;5;28;43mcls\u001b[39;49m\u001b[43m(\u001b[49m\u001b[43mmanager\u001b[49m\u001b[43m,\u001b[49m\u001b[43m \u001b[49m\u001b[43mgroup\u001b[49m\u001b[43m=\u001b[49m\u001b[43mgroup\u001b[49m\u001b[43m,\u001b[49m\u001b[43m \u001b[49m\u001b[43mmode\u001b[49m\u001b[43m=\u001b[49m\u001b[43mmode\u001b[49m\u001b[43m,\u001b[49m\u001b[43m \u001b[49m\u001b[43mlock\u001b[49m\u001b[43m=\u001b[49m\u001b[43mlock\u001b[49m\u001b[43m,\u001b[49m\u001b[43m \u001b[49m\u001b[43mautoclose\u001b[49m\u001b[43m=\u001b[49m\u001b[43mautoclose\u001b[49m\u001b[43m)\u001b[49m\n",
      "\u001b[36mFile \u001b[39m\u001b[32m~/micromamba/envs/cruiseplan/lib/python3.13/site-packages/xarray/backends/netCDF4_.py:429\u001b[39m, in \u001b[36mNetCDF4DataStore.__init__\u001b[39m\u001b[34m(self, manager, group, mode, lock, autoclose)\u001b[39m\n\u001b[32m    427\u001b[39m \u001b[38;5;28mself\u001b[39m._group = group\n\u001b[32m    428\u001b[39m \u001b[38;5;28mself\u001b[39m._mode = mode\n\u001b[32m--> \u001b[39m\u001b[32m429\u001b[39m \u001b[38;5;28mself\u001b[39m.format = \u001b[38;5;28;43mself\u001b[39;49m\u001b[43m.\u001b[49m\u001b[43mds\u001b[49m.data_model\n\u001b[32m    430\u001b[39m \u001b[38;5;28mself\u001b[39m._filename = \u001b[38;5;28mself\u001b[39m.ds.filepath()\n\u001b[32m    431\u001b[39m \u001b[38;5;28mself\u001b[39m.is_remote = is_remote_uri(\u001b[38;5;28mself\u001b[39m._filename)\n",
      "\u001b[36mFile \u001b[39m\u001b[32m~/micromamba/envs/cruiseplan/lib/python3.13/site-packages/xarray/backends/netCDF4_.py:534\u001b[39m, in \u001b[36mNetCDF4DataStore.ds\u001b[39m\u001b[34m(self)\u001b[39m\n\u001b[32m    532\u001b[39m \u001b[38;5;129m@property\u001b[39m\n\u001b[32m    533\u001b[39m \u001b[38;5;28;01mdef\u001b[39;00m\u001b[38;5;250m \u001b[39m\u001b[34mds\u001b[39m(\u001b[38;5;28mself\u001b[39m):\n\u001b[32m--> \u001b[39m\u001b[32m534\u001b[39m     \u001b[38;5;28;01mreturn\u001b[39;00m \u001b[38;5;28;43mself\u001b[39;49m\u001b[43m.\u001b[49m\u001b[43m_acquire\u001b[49m\u001b[43m(\u001b[49m\u001b[43m)\u001b[49m\n",
      "\u001b[36mFile \u001b[39m\u001b[32m~/micromamba/envs/cruiseplan/lib/python3.13/site-packages/xarray/backends/netCDF4_.py:528\u001b[39m, in \u001b[36mNetCDF4DataStore._acquire\u001b[39m\u001b[34m(self, needs_lock)\u001b[39m\n\u001b[32m    527\u001b[39m \u001b[38;5;28;01mdef\u001b[39;00m\u001b[38;5;250m \u001b[39m\u001b[34m_acquire\u001b[39m(\u001b[38;5;28mself\u001b[39m, needs_lock=\u001b[38;5;28;01mTrue\u001b[39;00m):\n\u001b[32m--> \u001b[39m\u001b[32m528\u001b[39m \u001b[43m    \u001b[49m\u001b[38;5;28;43;01mwith\u001b[39;49;00m\u001b[43m \u001b[49m\u001b[38;5;28;43mself\u001b[39;49m\u001b[43m.\u001b[49m\u001b[43m_manager\u001b[49m\u001b[43m.\u001b[49m\u001b[43macquire_context\u001b[49m\u001b[43m(\u001b[49m\u001b[43mneeds_lock\u001b[49m\u001b[43m)\u001b[49m\u001b[43m \u001b[49m\u001b[38;5;28;43;01mas\u001b[39;49;00m\u001b[43m \u001b[49m\u001b[43mroot\u001b[49m\u001b[43m:\u001b[49m\n\u001b[32m    529\u001b[39m \u001b[43m        \u001b[49m\u001b[43mds\u001b[49m\u001b[43m \u001b[49m\u001b[43m=\u001b[49m\u001b[43m \u001b[49m\u001b[43m_nc4_require_group\u001b[49m\u001b[43m(\u001b[49m\u001b[43mroot\u001b[49m\u001b[43m,\u001b[49m\u001b[43m \u001b[49m\u001b[38;5;28;43mself\u001b[39;49m\u001b[43m.\u001b[49m\u001b[43m_group\u001b[49m\u001b[43m,\u001b[49m\u001b[43m \u001b[49m\u001b[38;5;28;43mself\u001b[39;49m\u001b[43m.\u001b[49m\u001b[43m_mode\u001b[49m\u001b[43m)\u001b[49m\n\u001b[32m    530\u001b[39m     \u001b[38;5;28;01mreturn\u001b[39;00m ds\n",
      "\u001b[36mFile \u001b[39m\u001b[32m~/micromamba/envs/cruiseplan/lib/python3.13/contextlib.py:141\u001b[39m, in \u001b[36m_GeneratorContextManager.__enter__\u001b[39m\u001b[34m(self)\u001b[39m\n\u001b[32m    139\u001b[39m \u001b[38;5;28;01mdel\u001b[39;00m \u001b[38;5;28mself\u001b[39m.args, \u001b[38;5;28mself\u001b[39m.kwds, \u001b[38;5;28mself\u001b[39m.func\n\u001b[32m    140\u001b[39m \u001b[38;5;28;01mtry\u001b[39;00m:\n\u001b[32m--> \u001b[39m\u001b[32m141\u001b[39m     \u001b[38;5;28;01mreturn\u001b[39;00m \u001b[38;5;28;43mnext\u001b[39;49m\u001b[43m(\u001b[49m\u001b[38;5;28;43mself\u001b[39;49m\u001b[43m.\u001b[49m\u001b[43mgen\u001b[49m\u001b[43m)\u001b[49m\n\u001b[32m    142\u001b[39m \u001b[38;5;28;01mexcept\u001b[39;00m \u001b[38;5;167;01mStopIteration\u001b[39;00m:\n\u001b[32m    143\u001b[39m     \u001b[38;5;28;01mraise\u001b[39;00m \u001b[38;5;167;01mRuntimeError\u001b[39;00m(\u001b[33m\"\u001b[39m\u001b[33mgenerator didn\u001b[39m\u001b[33m'\u001b[39m\u001b[33mt yield\u001b[39m\u001b[33m\"\u001b[39m) \u001b[38;5;28;01mfrom\u001b[39;00m\u001b[38;5;250m \u001b[39m\u001b[38;5;28;01mNone\u001b[39;00m\n",
      "\u001b[36mFile \u001b[39m\u001b[32m~/micromamba/envs/cruiseplan/lib/python3.13/site-packages/xarray/backends/file_manager.py:207\u001b[39m, in \u001b[36mCachingFileManager.acquire_context\u001b[39m\u001b[34m(self, needs_lock)\u001b[39m\n\u001b[32m    204\u001b[39m \u001b[38;5;129m@contextmanager\u001b[39m\n\u001b[32m    205\u001b[39m \u001b[38;5;28;01mdef\u001b[39;00m\u001b[38;5;250m \u001b[39m\u001b[34macquire_context\u001b[39m(\u001b[38;5;28mself\u001b[39m, needs_lock: \u001b[38;5;28mbool\u001b[39m = \u001b[38;5;28;01mTrue\u001b[39;00m) -> Iterator[T_File]:\n\u001b[32m    206\u001b[39m \u001b[38;5;250m    \u001b[39m\u001b[33;03m\"\"\"Context manager for acquiring a file.\"\"\"\u001b[39;00m\n\u001b[32m--> \u001b[39m\u001b[32m207\u001b[39m     file, cached = \u001b[38;5;28;43mself\u001b[39;49m\u001b[43m.\u001b[49m\u001b[43m_acquire_with_cache_info\u001b[49m\u001b[43m(\u001b[49m\u001b[43mneeds_lock\u001b[49m\u001b[43m)\u001b[49m\n\u001b[32m    208\u001b[39m     \u001b[38;5;28;01mtry\u001b[39;00m:\n\u001b[32m    209\u001b[39m         \u001b[38;5;28;01myield\u001b[39;00m file\n",
      "\u001b[36mFile \u001b[39m\u001b[32m~/micromamba/envs/cruiseplan/lib/python3.13/site-packages/xarray/backends/file_manager.py:225\u001b[39m, in \u001b[36mCachingFileManager._acquire_with_cache_info\u001b[39m\u001b[34m(self, needs_lock)\u001b[39m\n\u001b[32m    223\u001b[39m     kwargs = kwargs.copy()\n\u001b[32m    224\u001b[39m     kwargs[\u001b[33m\"\u001b[39m\u001b[33mmode\u001b[39m\u001b[33m\"\u001b[39m] = \u001b[38;5;28mself\u001b[39m._mode\n\u001b[32m--> \u001b[39m\u001b[32m225\u001b[39m file = \u001b[38;5;28;43mself\u001b[39;49m\u001b[43m.\u001b[49m\u001b[43m_opener\u001b[49m\u001b[43m(\u001b[49m\u001b[43m*\u001b[49m\u001b[38;5;28;43mself\u001b[39;49m\u001b[43m.\u001b[49m\u001b[43m_args\u001b[49m\u001b[43m,\u001b[49m\u001b[43m \u001b[49m\u001b[43m*\u001b[49m\u001b[43m*\u001b[49m\u001b[43mkwargs\u001b[49m\u001b[43m)\u001b[49m\n\u001b[32m    226\u001b[39m \u001b[38;5;28;01mif\u001b[39;00m \u001b[38;5;28mself\u001b[39m._mode == \u001b[33m\"\u001b[39m\u001b[33mw\u001b[39m\u001b[33m\"\u001b[39m:\n\u001b[32m    227\u001b[39m     \u001b[38;5;66;03m# ensure file doesn't get overridden when opened again\u001b[39;00m\n\u001b[32m    228\u001b[39m     \u001b[38;5;28mself\u001b[39m._mode = \u001b[33m\"\u001b[39m\u001b[33ma\u001b[39m\u001b[33m\"\u001b[39m\n",
      "\u001b[36mFile \u001b[39m\u001b[32msrc/netCDF4/_netCDF4.pyx:2517\u001b[39m, in \u001b[36mnetCDF4._netCDF4.Dataset.__init__\u001b[39m\u001b[34m()\u001b[39m\n",
      "\u001b[36mFile \u001b[39m\u001b[32msrc/netCDF4/_netCDF4.pyx:2154\u001b[39m, in \u001b[36mnetCDF4._netCDF4._ensure_nc_success\u001b[39m\u001b[34m()\u001b[39m\n",
      "\u001b[31mFileNotFoundError\u001b[39m: [Errno 2] No such file or directory: '/home/runner/work/cruiseplan/cruiseplan/tests_output/coldsnap/SPP2025-Subpolar-2028_schedule.nc'"
     ]
    }
   ],
   "source": [
    "indir = '../tests_output/coldsnap/SPP2025-Subpolar-2028_schedule.nc'\n",
    "ds = xr.open_dataset(indir)\n",
    "ds"
   ]
  },
  {
   "cell_type": "code",
   "execution_count": null,
   "id": "df451cd1",
   "metadata": {},
   "outputs": [],
   "source": []
  }
 ],
 "metadata": {
  "kernelspec": {
   "display_name": ".venv (3.11.7)",
   "language": "python",
   "name": "python3"
  },
  "language_info": {
   "codemirror_mode": {
    "name": "ipython",
    "version": 3
   },
   "file_extension": ".py",
   "mimetype": "text/x-python",
   "name": "python",
   "nbconvert_exporter": "python",
   "pygments_lexer": "ipython3",
   "version": "3.13.11"
  }
 },
 "nbformat": 4,
 "nbformat_minor": 5
}
